IFNOISE  = 1
IFSCINT  = 0
IFCOSRAY = 0
VARSEE   = 2
IFVAR    = 0
IFGRAY   = 1
RUN  TIME     AIRMASS Water   Ozone   Ray     A0      alpha   seeing  gray
0001 -4.00000 2.33020 1.00000 1.00000 1.00000 0.03000 1.30000 3.32251 1.02510
0002 -3.98889 2.82839 1.00000 1.00000 1.00000 0.03000 1.30000 3.73210 1.00022
0003 -3.97778 1.01139 1.00000 1.00000 1.00000 0.03000 1.30000 2.01364 1.01579
0004 -3.96667 1.53135 1.00000 1.00000 1.00000 0.03000 1.30000 2.58271 1.03368
0005 -3.95556 1.69889 1.00000 1.00000 1.00000 0.03000 1.30000 2.74871 1.04619
0006 -3.94444 1.37839 1.00000 1.00000 1.00000 0.03000 1.30000 2.42467 1.04790
0007 -3.92778 1.13558 1.00000 1.00000 1.00000 0.03000 1.30000 2.15854 1.03478
0008 -3.76528 2.11229 1.00000 1.00000 1.00000 0.03000 1.30000 3.13244 1.00791
0009 -3.75417 2.49040 1.00000 1.00000 1.00000 0.03000 1.30000 3.45773 1.00530
0010 -3.74306 1.01289 1.00000 1.00000 1.00000 0.03000 1.30000 2.01543 1.00774
0011 -3.73194 1.45277 1.00000 1.00000 1.00000 0.03000 1.30000 2.50235 1.04417
0012 -3.72083 1.58721 1.00000 1.00000 1.00000 0.03000 1.30000 2.63883 1.03087
0013 -3.70972 1.35769 1.00000 1.00000 1.00000 0.03000 1.30000 2.40276 1.04464
0014 -3.69306 1.10737 1.00000 1.00000 1.00000 0.03000 1.30000 2.12620 1.02792
0015 -3.53056 1.93810 1.00000 1.00000 1.00000 0.03000 1.30000 2.97478 1.01450
0016 -3.51944 2.22900 1.00000 1.00000 1.00000 0.03000 1.30000 3.23517 1.04587
0017 -3.50833 1.01693 1.00000 1.00000 1.00000 0.03000 1.30000 2.02025 1.01437
0018 -3.49722 1.38647 1.00000 1.00000 1.00000 0.03000 1.30000 2.43319 1.00729
0019 -3.48611 1.49304 1.00000 1.00000 1.00000 0.03000 1.30000 2.54374 1.00757
0020 -3.47500 1.34319 1.00000 1.00000 1.00000 0.03000 1.30000 2.38733 1.02203
0021 -3.45833 1.08371 1.00000 1.00000 1.00000 0.03000 1.30000 2.09884 1.02256
0022 -3.29583 1.79655 1.00000 1.00000 1.00000 0.03000 1.30000 2.84245 1.01232
0023 -3.28472 2.02178 1.00000 1.00000 1.00000 0.03000 1.30000 3.05120 1.03747
0024 -3.27361 1.02355 1.00000 1.00000 1.00000 0.03000 1.30000 2.02813 1.01885
0025 -3.26250 1.33042 1.00000 1.00000 1.00000 0.03000 1.30000 2.37369 1.04061
0026 -3.25139 1.41307 1.00000 1.00000 1.00000 0.03000 1.30000 2.46109 1.00239
0027 -3.24028 1.33457 1.00000 1.00000 1.00000 0.03000 1.30000 2.37812 1.02111
0028 -3.22361 1.06422 1.00000 1.00000 1.00000 0.03000 1.30000 2.07610 1.03752
0029 -3.06111 1.68007 1.00000 1.00000 1.00000 0.03000 1.30000 2.73040 1.01218
0030 -3.05000 1.85427 1.00000 1.00000 1.00000 0.03000 1.30000 2.89690 1.01071
0031 -3.03889 1.03284 1.00000 1.00000 1.00000 0.03000 1.30000 2.03915 1.00508
0032 -3.02778 1.28308 1.00000 1.00000 1.00000 0.03000 1.30000 2.32264 1.01109
0033 -3.01667 1.34480 1.00000 1.00000 1.00000 0.03000 1.30000 2.38905 1.00100
0034 -3.00556 1.33162 1.00000 1.00000 1.00000 0.03000 1.30000 2.37497 1.01355
0035 -2.98889 1.04855 1.00000 1.00000 1.00000 0.03000 1.30000 2.05771 1.01807
0036 -2.82639 1.58331 1.00000 1.00000 1.00000 0.03000 1.30000 2.63493 1.02852
0037 -2.81528 1.71675 1.00000 1.00000 1.00000 0.03000 1.30000 2.76601 1.01331
0038 -2.80417 1.04489 1.00000 1.00000 1.00000 0.03000 1.30000 2.05339 1.03297
0039 -2.79306 1.24323 1.00000 1.00000 1.00000 0.03000 1.30000 2.27909 1.00003
0040 -2.78194 2.80115 1.00000 1.00000 1.00000 0.03000 1.30000 3.71050 1.03176
0041 -2.77083 1.28376 1.00000 1.00000 1.00000 0.03000 1.30000 2.32338 1.04578
0042 -2.75972 1.33457 1.00000 1.00000 1.00000 0.03000 1.30000 2.37812 1.00644
0043 -2.74306 1.03598 1.00000 1.00000 1.00000 0.03000 1.30000 2.04287 1.04957
0044 -2.58056 1.49890 1.00000 1.00000 1.00000 0.03000 1.30000 2.54972 1.02069
0045 -2.56944 1.59753 1.00000 1.00000 1.00000 0.03000 1.30000 2.64910 1.03878
0046 -2.55833 1.06063 1.00000 1.00000 1.00000 0.03000 1.30000 2.07190 1.02268
0047 -2.54722 1.20852 1.00000 1.00000 1.00000 0.03000 1.30000 2.24070 1.01117
0048 -2.53611 2.45521 1.00000 1.00000 1.00000 0.03000 1.30000 3.42833 1.04823
0049 -2.52500 2.81598 1.00000 1.00000 1.00000 0.03000 1.30000 3.72227 1.00764
0050 -2.51389 1.22961 1.00000 1.00000 1.00000 0.03000 1.30000 2.26407 1.01422
0051 -2.50278 1.34431 1.00000 1.00000 1.00000 0.03000 1.30000 2.38853 1.04217
0052 -2.48611 1.02681 1.00000 1.00000 1.00000 0.03000 1.30000 2.03200 1.03661
0053 -2.32361 1.42571 1.00000 1.00000 1.00000 0.03000 1.30000 2.47428 1.03191
0054 -2.31250 1.49419 1.00000 1.00000 1.00000 0.03000 1.30000 2.54491 1.01612
0055 -2.30139 1.08072 1.00000 1.00000 1.00000 0.03000 1.30000 2.09536 1.00788
0056 -2.29028 1.17903 1.00000 1.00000 1.00000 0.03000 1.30000 2.20773 1.04627
0057 -2.27917 2.18058 1.00000 1.00000 1.00000 0.03000 1.30000 3.19281 1.00355
0058 -2.26806 2.47689 1.00000 1.00000 1.00000 0.03000 1.30000 3.44646 1.04492
0059 -2.25694 1.18382 1.00000 1.00000 1.00000 0.03000 1.30000 2.21311 1.04955
0060 -2.24583 1.36112 1.00000 1.00000 1.00000 0.03000 1.30000 2.40641 1.03112
0061 -2.22917 1.02153 1.00000 1.00000 1.00000 0.03000 1.30000 2.02572 1.02032
0062 -2.06667 1.36518 1.00000 1.00000 1.00000 0.03000 1.30000 2.41071 1.02374
0063 -2.05556 1.40812 1.00000 1.00000 1.00000 0.03000 1.30000 2.45592 1.00630
0064 -2.04444 1.10483 1.00000 1.00000 1.00000 0.03000 1.30000 2.12328 1.01699
0065 -2.03333 1.15576 1.00000 1.00000 1.00000 0.03000 1.30000 2.18147 1.00979
0066 -2.02222 1.96729 1.00000 1.00000 1.00000 0.03000 1.30000 3.00159 1.02704
0067 -2.01111 2.21331 1.00000 1.00000 1.00000 0.03000 1.30000 3.22148 1.04699
0068 -2.00000 1.14525 1.00000 1.00000 1.00000 0.03000 1.30000 2.16955 1.04571
0069 -1.98889 1.38546 1.00000 1.00000 1.00000 0.03000 1.30000 2.43213 1.03287
0070 -1.97222 1.02005 1.00000 1.00000 1.00000 0.03000 1.30000 2.02397 1.04393
0071 -1.80972 1.31526 1.00000 1.00000 1.00000 0.03000 1.30000 2.35742 1.03221
0072 -1.79861 1.33602 1.00000 1.00000 1.00000 0.03000 1.30000 2.37968 1.03353
0073 -1.78750 1.13333 1.00000 1.00000 1.00000 0.03000 1.30000 2.15598 1.04304
0074 -1.77639 1.13815 1.00000 1.00000 1.00000 0.03000 1.30000 2.16147 1.00935
0075 -1.76528 1.79788 1.00000 1.00000 1.00000 0.03000 1.30000 2.84372 1.02961
0076 -1.75417 2.00358 1.00000 1.00000 1.00000 0.03000 1.30000 3.03469 1.00119
0077 -1.74306 1.11298 1.00000 1.00000 1.00000 0.03000 1.30000 2.13266 1.01889
0078 -1.73194 1.41799 1.00000 1.00000 1.00000 0.03000 1.30000 2.46624 1.03092
0079 -1.71528 1.02235 1.00000 1.00000 1.00000 0.03000 1.30000 2.02670 1.04814
0080 -1.55278 1.27439 1.00000 1.00000 1.00000 0.03000 1.30000 2.31319 1.04253
0081 -1.54167 1.27541 1.00000 1.00000 1.00000 0.03000 1.30000 2.31430 1.04324
0082 -1.53056 1.16669 1.00000 1.00000 1.00000 0.03000 1.30000 2.19383 1.04311
0083 -1.51944 1.12581 1.00000 1.00000 1.00000 0.03000 1.30000 2.14738 1.03817
0084 -1.50833 1.66100 1.00000 1.00000 1.00000 0.03000 1.30000 2.71176 1.00995
0085 -1.49722 1.83359 1.00000 1.00000 1.00000 0.03000 1.30000 2.87747 1.02155
0086 -1.48611 1.08629 1.00000 1.00000 1.00000 0.03000 1.30000 2.10183 1.00152
0087 -1.47500 1.45968 1.00000 1.00000 1.00000 0.03000 1.30000 2.50948 1.02439
0088 -1.45833 1.02846 1.00000 1.00000 1.00000 0.03000 1.30000 2.03395 1.00814
0089 -1.29583 1.24140 1.00000 1.00000 1.00000 0.03000 1.30000 2.27707 1.01602
0090 -1.28472 1.22442 1.00000 1.00000 1.00000 0.03000 1.30000 2.25834 1.03755
0091 -1.27361 1.20548 1.00000 1.00000 1.00000 0.03000 1.30000 2.23731 1.04849
0092 -1.26250 1.11847 1.00000 1.00000 1.00000 0.03000 1.30000 2.13897 1.00171
0093 -1.25139 1.54892 1.00000 1.00000 1.00000 0.03000 1.30000 2.60044 1.01957
0094 -1.24028 1.69374 1.00000 1.00000 1.00000 0.03000 1.30000 2.74371 1.02766
0095 -1.22917 1.06463 1.00000 1.00000 1.00000 0.03000 1.30000 2.07659 1.04644
0096 -1.21806 1.51182 1.00000 1.00000 1.00000 0.03000 1.30000 2.56289 1.00869
0097 -1.20139 1.03849 1.00000 1.00000 1.00000 0.03000 1.30000 2.04584 1.00541
0098 -1.03889 1.21541 1.00000 1.00000 1.00000 0.03000 1.30000 2.24835 1.04198
0099 -1.02778 1.18162 1.00000 1.00000 1.00000 0.03000 1.30000 2.21064 1.02312
0100 -1.01667 1.25041 1.00000 1.00000 1.00000 0.03000 1.30000 2.28697 1.01934
0101 -1.00556 1.11597 1.00000 1.00000 1.00000 0.03000 1.30000 2.13610 1.01411
0102 -0.99444 1.45625 1.00000 1.00000 1.00000 0.03000 1.30000 2.50594 1.02449
0103 -0.98333 1.57732 1.00000 1.00000 1.00000 0.03000 1.30000 2.62895 1.01368
0104 -0.97222 1.04758 1.00000 1.00000 1.00000 0.03000 1.30000 2.05656 1.04885
0105 -0.96111 1.57616 1.00000 1.00000 1.00000 0.03000 1.30000 2.62779 1.02963
0106 -0.94444 1.05263 1.00000 1.00000 1.00000 0.03000 1.30000 2.06250 1.02026
0107 -0.78194 1.19577 1.00000 1.00000 1.00000 0.03000 1.30000 2.22648 1.03637
0108 -0.77083 1.14591 1.00000 1.00000 1.00000 0.03000 1.30000 2.17030 1.00358
0109 -0.75972 1.30235 1.00000 1.00000 1.00000 0.03000 1.30000 2.34351 1.04993
0110 -0.74861 1.11826 1.00000 1.00000 1.00000 0.03000 1.30000 2.13873 1.00589
0111 -0.73750 1.37910 1.00000 1.00000 1.00000 0.03000 1.30000 2.42542 1.04672
0112 -0.72639 1.47951 1.00000 1.00000 1.00000 0.03000 1.30000 2.52988 1.01230
0113 -0.71528 1.03479 1.00000 1.00000 1.00000 0.03000 1.30000 2.04147 1.02567
0114 -0.70417 1.65509 1.00000 1.00000 1.00000 0.03000 1.30000 2.70597 1.04601
0115 -0.68750 1.07113 1.00000 1.00000 1.00000 0.03000 1.30000 2.08419 1.04642
0116 -0.52500 1.18200 1.00000 1.00000 1.00000 0.03000 1.30000 2.21106 1.04820
0117 -0.51389 1.11641 1.00000 1.00000 1.00000 0.03000 1.30000 2.13661 1.02278
0118 -0.50278 1.36239 1.00000 1.00000 1.00000 0.03000 1.30000 2.40774 1.04205
0119 -0.49167 1.12539 1.00000 1.00000 1.00000 0.03000 1.30000 2.14690 1.03327
0120 -0.48056 1.31462 1.00000 1.00000 1.00000 0.03000 1.30000 2.35673 1.04278
0121 -0.46944 1.39672 1.00000 1.00000 1.00000 0.03000 1.30000 2.44397 1.01051
0122 -0.45833 1.02605 1.00000 1.00000 1.00000 0.03000 1.30000 2.03110 1.00945
0123 -0.44722 1.75184 1.00000 1.00000 1.00000 0.03000 1.30000 2.79980 1.00055
0124 -0.43056 1.09437 1.00000 1.00000 1.00000 0.03000 1.30000 2.11120 1.01942
0125 -0.26806 1.17377 1.00000 1.00000 1.00000 0.03000 1.30000 2.20181 1.03716
0126 -0.25694 1.09248 1.00000 1.00000 1.00000 0.03000 1.30000 2.10901 1.01630
0127 -0.24583 1.43189 1.00000 1.00000 1.00000 0.03000 1.30000 2.48071 1.00491
0128 -0.23472 2.60862 1.00000 1.00000 1.00000 0.03000 1.30000 3.55531 1.00360
0129 -0.22361 1.13815 1.00000 1.00000 1.00000 0.03000 1.30000 2.16147 1.02957
0130 -0.21250 1.25855 1.00000 1.00000 1.00000 0.03000 1.30000 2.29589 1.03897
0131 -0.20139 1.32349 1.00000 1.00000 1.00000 0.03000 1.30000 2.36626 1.02221
0132 -0.19028 1.02106 1.00000 1.00000 1.00000 0.03000 1.30000 2.02517 1.04616
0133 -0.17917 1.87661 1.00000 1.00000 1.00000 0.03000 1.30000 2.91780 1.04119
0134 -0.16250 1.12416 1.00000 1.00000 1.00000 0.03000 1.30000 2.14549 1.04053
0135 -0.00000 1.17089 1.00000 1.00000 1.00000 0.03000 1.30000 2.19856 1.04966
0136  0.01111 1.07288 1.00000 1.00000 1.00000 0.03000 1.30000 2.08622 1.02833
0137  0.02222 1.51635 1.00000 1.00000 1.00000 0.03000 1.30000 2.56749 1.02540
0138  0.03333 2.29604 1.00000 1.00000 1.00000 0.03000 1.30000 3.29320 1.00350
0139  0.04444 1.15664 1.00000 1.00000 1.00000 0.03000 1.30000 2.18247 1.04090
0140  0.05556 1.21211 1.00000 1.00000 1.00000 0.03000 1.30000 2.24468 1.00000
0141  0.06667 1.26139 1.00000 1.00000 1.00000 0.03000 1.30000 2.29900 1.02795
0142  0.07778 1.02020 1.00000 1.00000 1.00000 0.03000 1.30000 2.02414 1.00152
0143  0.08889 2.03292 1.00000 1.00000 1.00000 0.03000 1.30000 3.06128 1.02772
0144  0.10556 1.16029 1.00000 1.00000 1.00000 0.03000 1.30000 2.18660 1.03789
0145  0.26806 1.17377 1.00000 1.00000 1.00000 0.03000 1.30000 2.20181 1.02204
0146  0.27917 1.05834 1.00000 1.00000 1.00000 0.03000 1.30000 2.06921 1.02387
0147  0.29028 1.61549 1.00000 1.00000 1.00000 0.03000 1.30000 2.66693 1.03874
0148  0.30139 2.05893 1.00000 1.00000 1.00000 0.03000 1.30000 3.08472 1.04634
0149  0.31250 1.18133 1.00000 1.00000 1.00000 0.03000 1.30000 2.21030 1.00496
0150  0.32361 1.17391 1.00000 1.00000 1.00000 0.03000 1.30000 2.20197 1.02252
0151  0.33472 1.20864 1.00000 1.00000 1.00000 0.03000 1.30000 2.24083 1.02030
0152  0.34583 1.02345 1.00000 1.00000 1.00000 0.03000 1.30000 2.02801 1.01172
0153  0.35694 2.23149 1.00000 1.00000 1.00000 0.03000 1.30000 3.23733 1.03318
0154  0.37361 1.20365 1.00000 1.00000 1.00000 0.03000 1.30000 2.23528 1.03399
0155  0.53611 1.18248 1.00000 1.00000 1.00000 0.03000 1.30000 2.21159 1.04967
0156  0.54722 1.04854 1.00000 1.00000 1.00000 0.03000 1.30000 2.05769 1.01060
0157  0.55833 1.73260 1.00000 1.00000 1.00000 0.03000 1.30000 2.78130 1.04606
0158  0.56944 1.87430 1.00000 1.00000 1.00000 0.03000 1.30000 2.91564 1.03734
0159  0.58056 1.21284 1.00000 1.00000 1.00000 0.03000 1.30000 2.24550 1.00385
0160  0.59167 1.14290 1.00000 1.00000 1.00000 0.03000 1.30000 2.16688 1.01321
0161  0.60278 1.16388 1.00000 1.00000 1.00000 0.03000 1.30000 2.19066 1.01452
0162  0.61389 1.03087 1.00000 1.00000 1.00000 0.03000 1.30000 2.03682 1.04515
0163  0.62500 2.48883 1.00000 1.00000 1.00000 0.03000 1.30000 3.45643 1.00994
0164  0.64167 1.25541 1.00000 1.00000 1.00000 0.03000 1.30000 2.29245 1.01607
0165  0.80417 1.19723 1.00000 1.00000 1.00000 0.03000 1.30000 2.22811 1.00251
0166  0.81528 1.04328 1.00000 1.00000 1.00000 0.03000 1.30000 2.05149 1.03642
0167  0.82639 1.87206 1.00000 1.00000 1.00000 0.03000 1.30000 2.91355 1.00464
0168  0.83750 1.72769 1.00000 1.00000 1.00000 0.03000 1.30000 2.77658 1.03213
0169  0.84861 1.25204 1.00000 1.00000 1.00000 0.03000 1.30000 2.28876 1.04337
0170  0.85972 1.11828 1.00000 1.00000 1.00000 0.03000 1.30000 2.13876 1.02937
0171  0.87083 1.12602 1.00000 1.00000 1.00000 0.03000 1.30000 2.14762 1.02109
0172  0.88194 1.04261 1.00000 1.00000 1.00000 0.03000 1.30000 2.05071 1.01222
0173  0.89306 2.83155 1.00000 1.00000 1.00000 0.03000 1.30000 3.73460 1.01255
0174  0.90972 1.31704 1.00000 1.00000 1.00000 0.03000 1.30000 2.35933 1.00692
0175  1.07222 1.21842 1.00000 1.00000 1.00000 0.03000 1.30000 2.25168 1.00103
0176  1.08333 1.04244 1.00000 1.00000 1.00000 0.03000 1.30000 2.05051 1.01920
0177  1.09444 2.03983 1.00000 1.00000 1.00000 0.03000 1.30000 3.06752 1.02106
0178  1.10556 1.60958 1.00000 1.00000 1.00000 0.03000 1.30000 2.66108 1.04997
0179  1.11667 1.30007 1.00000 1.00000 1.00000 0.03000 1.30000 2.34104 1.04903
0180  1.12778 1.09945 1.00000 1.00000 1.00000 0.03000 1.30000 2.11707 1.02493
0181  1.13889 1.09422 1.00000 1.00000 1.00000 0.03000 1.30000 2.11102 1.01104
0182  1.15000 1.05890 1.00000 1.00000 1.00000 0.03000 1.30000 2.06987 1.00156
0183  1.16111 1.38554 1.00000 1.00000 1.00000 0.03000 1.30000 2.43221 1.00339
0184  1.32361 1.24462 1.00000 1.00000 1.00000 0.03000 1.30000 2.28061 1.00054
0185  1.33472 1.04567 1.00000 1.00000 1.00000 0.03000 1.30000 2.05432 1.00603
0186  1.34583 2.23023 1.00000 1.00000 1.00000 0.03000 1.30000 3.23623 1.03032
0187  1.35694 1.51891 1.00000 1.00000 1.00000 0.03000 1.30000 2.57009 1.04532
0188  1.36806 1.35447 1.00000 1.00000 1.00000 0.03000 1.30000 2.39934 1.02271
0189  1.37917 1.08665 1.00000 1.00000 1.00000 0.03000 1.30000 2.10225 1.00374
0190  1.39028 1.06931 1.00000 1.00000 1.00000 0.03000 1.30000 2.08205 1.03302
0191  1.40139 1.07862 1.00000 1.00000 1.00000 0.03000 1.30000 2.09291 1.00388
0192  1.41250 1.46656 1.00000 1.00000 1.00000 0.03000 1.30000 2.51658 1.02212
0193  1.57500 1.27760 1.00000 1.00000 1.00000 0.03000 1.30000 2.31668 1.04832
0194  1.58611 1.05284 1.00000 1.00000 1.00000 0.03000 1.30000 2.06275 1.01394
0195  1.59722 2.46242 1.00000 1.00000 1.00000 0.03000 1.30000 3.43437 1.03929
0196  1.60833 1.44376 1.00000 1.00000 1.00000 0.03000 1.30000 2.49303 1.00515
0197  1.61944 1.41960 1.00000 1.00000 1.00000 0.03000 1.30000 2.46791 1.03264
0198  1.63056 1.07829 1.00000 1.00000 1.00000 0.03000 1.30000 2.09253 1.00380
0199  1.64167 1.04869 1.00000 1.00000 1.00000 0.03000 1.30000 2.05788 1.00122
0200  1.65278 1.10300 1.00000 1.00000 1.00000 0.03000 1.30000 2.12116 1.03708
0201  1.66389 1.56290 1.00000 1.00000 1.00000 0.03000 1.30000 2.61450 1.00818
0202  1.82639 1.31821 1.00000 1.00000 1.00000 0.03000 1.30000 2.36059 1.03193
0203  1.83750 1.06407 1.00000 1.00000 1.00000 0.03000 1.30000 2.07593 1.01215
0204  1.84861 2.75027 1.00000 1.00000 1.00000 0.03000 1.30000 3.66991 1.03275
0205  1.85972 1.38136 1.00000 1.00000 1.00000 0.03000 1.30000 2.42781 1.02186
0206  1.87083 1.49763 1.00000 1.00000 1.00000 0.03000 1.30000 2.54843 1.04325
0207  1.88194 1.07422 1.00000 1.00000 1.00000 0.03000 1.30000 2.08778 1.01759
0208  1.89306 1.03204 1.00000 1.00000 1.00000 0.03000 1.30000 2.03820 1.01089
0209  1.90417 1.13252 1.00000 1.00000 1.00000 0.03000 1.30000 2.15505 1.00459
0210  1.91528 1.67830 1.00000 1.00000 1.00000 0.03000 1.30000 2.72868 1.00594
0211  2.07778 1.36757 1.00000 1.00000 1.00000 0.03000 1.30000 2.41323 1.02679
0212  2.08889 1.07958 1.00000 1.00000 1.00000 0.03000 1.30000 2.09403 1.02944
0213  2.10000 1.33170 1.00000 1.00000 1.00000 0.03000 1.30000 2.37505 1.00573
0214  2.11111 1.58694 1.00000 1.00000 1.00000 0.03000 1.30000 2.63856 1.03665
0215  2.12222 1.07425 1.00000 1.00000 1.00000 0.03000 1.30000 2.08782 1.03769
0216  2.13333 1.01957 1.00000 1.00000 1.00000 0.03000 1.30000 2.02339 1.03219
0217  2.14444 1.16611 1.00000 1.00000 1.00000 0.03000 1.30000 2.19317 1.00156
0218  2.15556 1.81117 1.00000 1.00000 1.00000 0.03000 1.30000 2.85631 1.02753
0219  2.31806 1.42428 1.00000 1.00000 1.00000 0.03000 1.30000 2.47279 1.04917
0220  2.32917 1.09868 1.00000 1.00000 1.00000 0.03000 1.30000 2.11618 1.00174
0221  2.34028 1.29038 1.00000 1.00000 1.00000 0.03000 1.30000 2.33056 1.00338
0222  2.35139 1.69411 1.00000 1.00000 1.00000 0.03000 1.30000 2.74407 1.04327
0223  2.36250 1.07812 1.00000 1.00000 1.00000 0.03000 1.30000 2.09233 1.01238
0224  2.37361 1.01029 1.00000 1.00000 1.00000 0.03000 1.30000 2.01232 1.02945
0225  2.38472 1.20562 1.00000 1.00000 1.00000 0.03000 1.30000 2.23747 1.00266
0226  2.39583 1.97246 1.00000 1.00000 1.00000 0.03000 1.30000 3.00631 1.01729
0227  2.55833 1.49200 1.00000 1.00000 1.00000 0.03000 1.30000 2.54268 1.01030
0228  2.56944 1.12230 1.00000 1.00000 1.00000 0.03000 1.30000 2.14336 1.03116
0229  2.58056 1.25635 1.00000 1.00000 1.00000 0.03000 1.30000 2.29348 1.01657
0230  2.59167 1.82382 1.00000 1.00000 1.00000 0.03000 1.30000 2.86826 1.01290
0231  2.60278 1.08590 1.00000 1.00000 1.00000 0.03000 1.30000 2.10138 1.03153
0232  2.61389 1.00407 1.00000 1.00000 1.00000 0.03000 1.30000 2.00488 1.00622
0233  2.62500 1.25192 1.00000 1.00000 1.00000 0.03000 1.30000 2.28863 1.03696
0234  2.63611 2.17113 1.00000 1.00000 1.00000 0.03000 1.30000 3.18450 1.02941
0235  2.79861 1.57297 1.00000 1.00000 1.00000 0.03000 1.30000 2.62459 1.01954
0236  2.80972 1.15089 1.00000 1.00000 1.00000 0.03000 1.30000 2.17596 1.00852
0237  2.82083 1.22878 1.00000 1.00000 1.00000 0.03000 1.30000 2.26315 1.04003
0238  2.83194 1.98265 1.00000 1.00000 1.00000 0.03000 1.30000 3.01563 1.02312
0239  2.84306 1.09773 1.00000 1.00000 1.00000 0.03000 1.30000 2.11508 1.03387
0240  2.85417 1.00083 1.00000 1.00000 1.00000 0.03000 1.30000 2.00100 1.02005
0241  2.86528 1.30606 1.00000 1.00000 1.00000 0.03000 1.30000 2.34751 1.03171
0242  2.87639 2.42040 1.00000 1.00000 1.00000 0.03000 1.30000 3.39908 1.03020
0243  3.03889 1.67013 1.00000 1.00000 1.00000 0.03000 1.30000 2.72070 1.00320
0244  3.05000 1.18503 1.00000 1.00000 1.00000 0.03000 1.30000 2.21446 1.04192
0245  3.06111 1.20705 1.00000 1.00000 1.00000 0.03000 1.30000 2.23905 1.03604
0246  3.07222 2.18011 1.00000 1.00000 1.00000 0.03000 1.30000 3.19240 1.02173
0247  3.08333 1.11382 1.00000 1.00000 1.00000 0.03000 1.30000 2.13362 1.03326
0248  3.09444 1.00052 1.00000 1.00000 1.00000 0.03000 1.30000 2.00062 1.04283
0249  3.10556 1.36941 1.00000 1.00000 1.00000 0.03000 1.30000 2.41518 1.02989
0250  3.11667 2.74052 1.00000 1.00000 1.00000 0.03000 1.30000 3.66210 1.04121
0251  3.27917 1.78752 1.00000 1.00000 1.00000 0.03000 1.30000 2.83388 1.00432
0252  3.29028 1.22544 1.00000 1.00000 1.00000 0.03000 1.30000 2.25946 1.03207
0253  3.30139 1.19068 1.00000 1.00000 1.00000 0.03000 1.30000 2.22079 1.03756
0254  3.31250 2.43041 1.00000 1.00000 1.00000 0.03000 1.30000 3.40752 1.02141
0255  3.32361 1.13446 1.00000 1.00000 1.00000 0.03000 1.30000 2.15727 1.00419
0256  3.33472 1.00313 1.00000 1.00000 1.00000 0.03000 1.30000 2.00376 1.00282
0257  3.34583 1.44372 1.00000 1.00000 1.00000 0.03000 1.30000 2.49298 1.02311
0258  3.50694 1.92253 1.00000 1.00000 1.00000 0.03000 1.30000 2.96042 1.00039
0259  3.51806 1.27035 1.00000 1.00000 1.00000 0.03000 1.30000 2.30879 1.04245
0260  3.52917 1.17981 1.00000 1.00000 1.00000 0.03000 1.30000 2.20860 1.02155
0261  3.54028 2.73650 1.00000 1.00000 1.00000 0.03000 1.30000 3.65888 1.00660
0262  3.55139 1.15861 1.00000 1.00000 1.00000 0.03000 1.30000 2.18470 1.00634
0263  3.56250 1.00834 1.00000 1.00000 1.00000 0.03000 1.30000 2.01000 1.03107
0264  3.57361 1.52633 1.00000 1.00000 1.00000 0.03000 1.30000 2.57762 1.02090
0265  3.73472 2.08742 1.00000 1.00000 1.00000 0.03000 1.30000 3.11025 1.03277
0266  3.74583 1.32271 1.00000 1.00000 1.00000 0.03000 1.30000 2.36542 1.00706
0267  3.75694 1.17325 1.00000 1.00000 1.00000 0.03000 1.30000 2.20123 1.04439
0268  3.76806 1.18612 1.00000 1.00000 1.00000 0.03000 1.30000 2.21568 1.03698
0269  3.77917 1.01583 1.00000 1.00000 1.00000 0.03000 1.30000 2.01894 1.03715
0270  3.79028 1.61825 1.00000 1.00000 1.00000 0.03000 1.30000 2.66967 1.02260
0271  3.95139 2.28077 1.00000 1.00000 1.00000 0.03000 1.30000 3.28004 1.03892
0272  3.96250 1.38054 1.00000 1.00000 1.00000 0.03000 1.30000 2.42695 1.01642
0273  3.97361 1.17092 1.00000 1.00000 1.00000 0.03000 1.30000 2.19860 1.03518
0274  3.98472 1.21853 1.00000 1.00000 1.00000 0.03000 1.30000 2.25181 1.02902
0275  3.99583 1.02587 1.00000 1.00000 1.00000 0.03000 1.30000 2.03088 1.01970
