RUN  TIME     AIRMASS Water   Ozone   Ray     A0      alpha   seeing
0001 -4.00000 2.33020 1.00000 1.00000 1.00000 0.05718 1.30000 1.66125 
0002 -3.98889 2.82839 1.00000 1.00000 1.00000 0.05711 1.30000 1.86605 
0003 -3.97778 1.01139 1.00000 1.00000 1.00000 0.05703 1.30000 1.00682 
0004 -3.96667 1.53135 1.00000 1.00000 1.00000 0.05696 1.30000 1.29135 
0005 -3.95556 1.69889 1.00000 1.00000 1.00000 0.05688 1.30000 1.37435 
0006 -3.94444 1.37839 1.00000 1.00000 1.00000 0.05681 1.30000 1.21234 
0007 -3.92778 1.13558 1.00000 1.00000 1.00000 0.05670 1.30000 1.07927 
0008 -3.76528 2.11229 1.00000 1.00000 1.00000 0.05563 1.30000 1.56622 
0009 -3.75417 2.49040 1.00000 1.00000 1.00000 0.05556 1.30000 1.72886 
0010 -3.74306 1.01289 1.00000 1.00000 1.00000 0.05549 1.30000 1.00771 
0011 -3.73194 1.45277 1.00000 1.00000 1.00000 0.05542 1.30000 1.25118 
0012 -3.72083 1.58721 1.00000 1.00000 1.00000 0.05535 1.30000 1.31941 
0013 -3.70972 1.35769 1.00000 1.00000 1.00000 0.05528 1.30000 1.20138 
0014 -3.69306 1.10737 1.00000 1.00000 1.00000 0.05517 1.30000 1.06310 
0015 -3.53056 1.93810 1.00000 1.00000 1.00000 0.05417 1.30000 1.48739 
0016 -3.51944 2.22900 1.00000 1.00000 1.00000 0.05411 1.30000 1.61758 
0017 -3.50833 1.01693 1.00000 1.00000 1.00000 0.05404 1.30000 1.01012 
0018 -3.49722 1.38647 1.00000 1.00000 1.00000 0.05397 1.30000 1.21660 
0019 -3.48611 1.49304 1.00000 1.00000 1.00000 0.05391 1.30000 1.27187 
0020 -3.47500 1.34319 1.00000 1.00000 1.00000 0.05384 1.30000 1.19367 
0021 -3.45833 1.08371 1.00000 1.00000 1.00000 0.05374 1.30000 1.04942 
0022 -3.29583 1.79655 1.00000 1.00000 1.00000 0.05280 1.30000 1.42123 
0023 -3.28472 2.02178 1.00000 1.00000 1.00000 0.05273 1.30000 1.52560 
0024 -3.27361 1.02355 1.00000 1.00000 1.00000 0.05267 1.30000 1.01407 
0025 -3.26250 1.33042 1.00000 1.00000 1.00000 0.05261 1.30000 1.18684 
0026 -3.25139 1.41307 1.00000 1.00000 1.00000 0.05254 1.30000 1.23055 
0027 -3.24028 1.33457 1.00000 1.00000 1.00000 0.05248 1.30000 1.18906 
0028 -3.22361 1.06422 1.00000 1.00000 1.00000 0.05239 1.30000 1.03805 
0029 -3.06111 1.68007 1.00000 1.00000 1.00000 0.05150 1.30000 1.36520 
0030 -3.05000 1.85427 1.00000 1.00000 1.00000 0.05144 1.30000 1.44845 
0031 -3.03889 1.03284 1.00000 1.00000 1.00000 0.05138 1.30000 1.01957 
0032 -3.02778 1.28308 1.00000 1.00000 1.00000 0.05132 1.30000 1.16132 
0033 -3.01667 1.34480 1.00000 1.00000 1.00000 0.05126 1.30000 1.19452 
0034 -3.00556 1.33162 1.00000 1.00000 1.00000 0.05120 1.30000 1.18749 
0035 -2.98889 1.04855 1.00000 1.00000 1.00000 0.05111 1.30000 1.02885 
0036 -2.82639 1.58331 1.00000 1.00000 1.00000 0.05027 1.30000 1.31747 
0037 -2.81528 1.71675 1.00000 1.00000 1.00000 0.05021 1.30000 1.38300 
0038 -2.80417 1.04489 1.00000 1.00000 1.00000 0.05016 1.30000 1.02670 
0039 -2.79306 1.24323 1.00000 1.00000 1.00000 0.05010 1.30000 1.13955 
0040 -2.78194 2.80115 1.00000 1.00000 1.00000 0.05005 1.30000 1.85525 
0041 -2.77083 1.28376 1.00000 1.00000 1.00000 0.04999 1.30000 1.16169 
0042 -2.75972 1.33457 1.00000 1.00000 1.00000 0.04994 1.30000 1.18906 
0043 -2.74306 1.03598 1.00000 1.00000 1.00000 0.04985 1.30000 1.02143 
0044 -2.58056 1.49890 1.00000 1.00000 1.00000 0.04906 1.30000 1.27486 
0045 -2.56944 1.59753 1.00000 1.00000 1.00000 0.04901 1.30000 1.32455 
0046 -2.55833 1.06063 1.00000 1.00000 1.00000 0.04896 1.30000 1.03595 
0047 -2.54722 1.20852 1.00000 1.00000 1.00000 0.04890 1.30000 1.12035 
0048 -2.53611 2.45521 1.00000 1.00000 1.00000 0.04885 1.30000 1.71417 
0049 -2.52500 2.81598 1.00000 1.00000 1.00000 0.04880 1.30000 1.86114 
0050 -2.51389 1.22961 1.00000 1.00000 1.00000 0.04875 1.30000 1.13203 
0051 -2.50278 1.34431 1.00000 1.00000 1.00000 0.04870 1.30000 1.19426 
0052 -2.48611 1.02681 1.00000 1.00000 1.00000 0.04862 1.30000 1.01600 
0053 -2.32361 1.42571 1.00000 1.00000 1.00000 0.04788 1.30000 1.23714 
0054 -2.31250 1.49419 1.00000 1.00000 1.00000 0.04783 1.30000 1.27246 
0055 -2.30139 1.08072 1.00000 1.00000 1.00000 0.04778 1.30000 1.04768 
0056 -2.29028 1.17903 1.00000 1.00000 1.00000 0.04773 1.30000 1.10386 
0057 -2.27917 2.18058 1.00000 1.00000 1.00000 0.04768 1.30000 1.59641 
0058 -2.26806 2.47689 1.00000 1.00000 1.00000 0.04763 1.30000 1.72323 
0059 -2.25694 1.18382 1.00000 1.00000 1.00000 0.04758 1.30000 1.10655 
0060 -2.24583 1.36112 1.00000 1.00000 1.00000 0.04753 1.30000 1.20320 
0061 -2.22917 1.02153 1.00000 1.00000 1.00000 0.04746 1.30000 1.01286 
0062 -2.06667 1.36518 1.00000 1.00000 1.00000 0.04676 1.30000 1.20535 
0063 -2.05556 1.40812 1.00000 1.00000 1.00000 0.04672 1.30000 1.22796 
0064 -2.04444 1.10483 1.00000 1.00000 1.00000 0.04667 1.30000 1.06164 
0065 -2.03333 1.15576 1.00000 1.00000 1.00000 0.04663 1.30000 1.09074 
0066 -2.02222 1.96729 1.00000 1.00000 1.00000 0.04658 1.30000 1.50079 
0067 -2.01111 2.21331 1.00000 1.00000 1.00000 0.04653 1.30000 1.61074 
0068 -2.00000 1.14525 1.00000 1.00000 1.00000 0.04649 1.30000 1.08478 
0069 -1.98889 1.38546 1.00000 1.00000 1.00000 0.04644 1.30000 1.21606 
0070 -1.97222 1.02005 1.00000 1.00000 1.00000 0.04637 1.30000 1.01198 
0071 -1.80972 1.31526 1.00000 1.00000 1.00000 0.04572 1.30000 1.17871 
0072 -1.79861 1.33602 1.00000 1.00000 1.00000 0.04568 1.30000 1.18984 
0073 -1.78750 1.13333 1.00000 1.00000 1.00000 0.04563 1.30000 1.07799 
0074 -1.77639 1.13815 1.00000 1.00000 1.00000 0.04559 1.30000 1.08073 
0075 -1.76528 1.79788 1.00000 1.00000 1.00000 0.04555 1.30000 1.42186 
0076 -1.75417 2.00358 1.00000 1.00000 1.00000 0.04550 1.30000 1.51735 
0077 -1.74306 1.11298 1.00000 1.00000 1.00000 0.04546 1.30000 1.06633 
0078 -1.73194 1.41799 1.00000 1.00000 1.00000 0.04542 1.30000 1.23312 
0079 -1.71528 1.02235 1.00000 1.00000 1.00000 0.04535 1.30000 1.01335 
0080 -1.55278 1.27439 1.00000 1.00000 1.00000 0.04474 1.30000 1.15659 
0081 -1.54167 1.27541 1.00000 1.00000 1.00000 0.04470 1.30000 1.15715 
0082 -1.53056 1.16669 1.00000 1.00000 1.00000 0.04466 1.30000 1.09692 
0083 -1.51944 1.12581 1.00000 1.00000 1.00000 0.04462 1.30000 1.07369 
0084 -1.50833 1.66100 1.00000 1.00000 1.00000 0.04458 1.30000 1.35588 
0085 -1.49722 1.83359 1.00000 1.00000 1.00000 0.04454 1.30000 1.43874 
0086 -1.48611 1.08629 1.00000 1.00000 1.00000 0.04450 1.30000 1.05091 
0087 -1.47500 1.45968 1.00000 1.00000 1.00000 0.04446 1.30000 1.25474 
0088 -1.45833 1.02846 1.00000 1.00000 1.00000 0.04440 1.30000 1.01698 
0089 -1.29583 1.24140 1.00000 1.00000 1.00000 0.04383 1.30000 1.13854 
0090 -1.28472 1.22442 1.00000 1.00000 1.00000 0.04379 1.30000 1.12917 
0091 -1.27361 1.20548 1.00000 1.00000 1.00000 0.04375 1.30000 1.11865 
0092 -1.26250 1.11847 1.00000 1.00000 1.00000 0.04371 1.30000 1.06949 
0093 -1.25139 1.54892 1.00000 1.00000 1.00000 0.04367 1.30000 1.30022 
0094 -1.24028 1.69374 1.00000 1.00000 1.00000 0.04364 1.30000 1.37185 
0095 -1.22917 1.06463 1.00000 1.00000 1.00000 0.04360 1.30000 1.03829 
0096 -1.21806 1.51182 1.00000 1.00000 1.00000 0.04356 1.30000 1.28144 
0097 -1.20139 1.03849 1.00000 1.00000 1.00000 0.04350 1.30000 1.02292 
0098 -1.03889 1.21541 1.00000 1.00000 1.00000 0.04297 1.30000 1.12418 
0099 -1.02778 1.18162 1.00000 1.00000 1.00000 0.04293 1.30000 1.10532 
0100 -1.01667 1.25041 1.00000 1.00000 1.00000 0.04289 1.30000 1.14349 
0101 -1.00556 1.11597 1.00000 1.00000 1.00000 0.04286 1.30000 1.06805 
0102 -0.99444 1.45625 1.00000 1.00000 1.00000 0.04282 1.30000 1.25297 
0103 -0.98333 1.57732 1.00000 1.00000 1.00000 0.04279 1.30000 1.31448 
0104 -0.97222 1.04758 1.00000 1.00000 1.00000 0.04275 1.30000 1.02828 
0105 -0.96111 1.57616 1.00000 1.00000 1.00000 0.04272 1.30000 1.31390 
0106 -0.94444 1.05263 1.00000 1.00000 1.00000 0.04266 1.30000 1.03125 
0107 -0.78194 1.19577 1.00000 1.00000 1.00000 0.04216 1.30000 1.11324 
0108 -0.77083 1.14591 1.00000 1.00000 1.00000 0.04213 1.30000 1.08515 
0109 -0.75972 1.30235 1.00000 1.00000 1.00000 0.04209 1.30000 1.17175 
0110 -0.74861 1.11826 1.00000 1.00000 1.00000 0.04206 1.30000 1.06937 
0111 -0.73750 1.37910 1.00000 1.00000 1.00000 0.04202 1.30000 1.21271 
0112 -0.72639 1.47951 1.00000 1.00000 1.00000 0.04199 1.30000 1.26494 
0113 -0.71528 1.03479 1.00000 1.00000 1.00000 0.04196 1.30000 1.02073 
0114 -0.70417 1.65509 1.00000 1.00000 1.00000 0.04192 1.30000 1.35299 
0115 -0.68750 1.07113 1.00000 1.00000 1.00000 0.04188 1.30000 1.04209 
0116 -0.52500 1.18200 1.00000 1.00000 1.00000 0.04140 1.30000 1.10553 
0117 -0.51389 1.11641 1.00000 1.00000 1.00000 0.04137 1.30000 1.06830 
0118 -0.50278 1.36239 1.00000 1.00000 1.00000 0.04134 1.30000 1.20387 
0119 -0.49167 1.12539 1.00000 1.00000 1.00000 0.04131 1.30000 1.07345 
0120 -0.48056 1.31462 1.00000 1.00000 1.00000 0.04128 1.30000 1.17837 
0121 -0.46944 1.39672 1.00000 1.00000 1.00000 0.04125 1.30000 1.22199 
0122 -0.45833 1.02605 1.00000 1.00000 1.00000 0.04121 1.30000 1.01555 
0123 -0.44722 1.75184 1.00000 1.00000 1.00000 0.04118 1.30000 1.39990 
0124 -0.43056 1.09437 1.00000 1.00000 1.00000 0.04114 1.30000 1.05560 
0125 -0.26806 1.17377 1.00000 1.00000 1.00000 0.04069 1.30000 1.10090 
0126 -0.25694 1.09248 1.00000 1.00000 1.00000 0.04066 1.30000 1.05450 
0127 -0.24583 1.43189 1.00000 1.00000 1.00000 0.04063 1.30000 1.24035 
0128 -0.23472 2.60862 1.00000 1.00000 1.00000 0.04060 1.30000 1.77765 
0129 -0.22361 1.13815 1.00000 1.00000 1.00000 0.04057 1.30000 1.08073 
0130 -0.21250 1.25855 1.00000 1.00000 1.00000 0.04055 1.30000 1.14795 
0131 -0.20139 1.32349 1.00000 1.00000 1.00000 0.04052 1.30000 1.18313 
0132 -0.19028 1.02106 1.00000 1.00000 1.00000 0.04049 1.30000 1.01258 
0133 -0.17917 1.87661 1.00000 1.00000 1.00000 0.04046 1.30000 1.45890 
0134 -0.16250 1.12416 1.00000 1.00000 1.00000 0.04041 1.30000 1.07274 
0135 -0.00000 1.17089 1.00000 1.00000 1.00000 0.04000 1.30000 1.09928 
0136  0.01111 1.07288 1.00000 1.00000 1.00000 0.03997 1.30000 1.04311 
0137  0.02222 1.51635 1.00000 1.00000 1.00000 0.03994 1.30000 1.28375 
0138  0.03333 2.29604 1.00000 1.00000 1.00000 0.03992 1.30000 1.64660 
0139  0.04444 1.15664 1.00000 1.00000 1.00000 0.03989 1.30000 1.09124 
0140  0.05556 1.21211 1.00000 1.00000 1.00000 0.03986 1.30000 1.12234 
0141  0.06667 1.26139 1.00000 1.00000 1.00000 0.03983 1.30000 1.14950 
0142  0.07778 1.02020 1.00000 1.00000 1.00000 0.03981 1.30000 1.01207 
0143  0.08889 2.03292 1.00000 1.00000 1.00000 0.03978 1.30000 1.53064 
0144  0.10556 1.16029 1.00000 1.00000 1.00000 0.03974 1.30000 1.09330 
0145  0.26806 1.17377 1.00000 1.00000 1.00000 0.03935 1.30000 1.10090 
0146  0.27917 1.05834 1.00000 1.00000 1.00000 0.03933 1.30000 1.03461 
0147  0.29028 1.61549 1.00000 1.00000 1.00000 0.03930 1.30000 1.33347 
0148  0.30139 2.05893 1.00000 1.00000 1.00000 0.03927 1.30000 1.54236 
0149  0.31250 1.18133 1.00000 1.00000 1.00000 0.03925 1.30000 1.10515 
0150  0.32361 1.17391 1.00000 1.00000 1.00000 0.03922 1.30000 1.10098 
0151  0.33472 1.20864 1.00000 1.00000 1.00000 0.03920 1.30000 1.12041 
0152  0.34583 1.02345 1.00000 1.00000 1.00000 0.03917 1.30000 1.01400 
0153  0.35694 2.23149 1.00000 1.00000 1.00000 0.03915 1.30000 1.61867 
0154  0.37361 1.20365 1.00000 1.00000 1.00000 0.03911 1.30000 1.11764 
0155  0.53611 1.18248 1.00000 1.00000 1.00000 0.03875 1.30000 1.10580 
0156  0.54722 1.04854 1.00000 1.00000 1.00000 0.03872 1.30000 1.02885 
0157  0.55833 1.73260 1.00000 1.00000 1.00000 0.03870 1.30000 1.39065 
0158  0.56944 1.87430 1.00000 1.00000 1.00000 0.03867 1.30000 1.45782 
0159  0.58056 1.21284 1.00000 1.00000 1.00000 0.03865 1.30000 1.12275 
0160  0.59167 1.14290 1.00000 1.00000 1.00000 0.03863 1.30000 1.08344 
0161  0.60278 1.16388 1.00000 1.00000 1.00000 0.03860 1.30000 1.09533 
0162  0.61389 1.03087 1.00000 1.00000 1.00000 0.03858 1.30000 1.01841 
0163  0.62500 2.48883 1.00000 1.00000 1.00000 0.03855 1.30000 1.72821 
0164  0.64167 1.25541 1.00000 1.00000 1.00000 0.03852 1.30000 1.14623 
0165  0.80417 1.19723 1.00000 1.00000 1.00000 0.03818 1.30000 1.11406 
0166  0.81528 1.04328 1.00000 1.00000 1.00000 0.03816 1.30000 1.02575 
0167  0.82639 1.87206 1.00000 1.00000 1.00000 0.03813 1.30000 1.45677 
0168  0.83750 1.72769 1.00000 1.00000 1.00000 0.03811 1.30000 1.38829 
0169  0.84861 1.25204 1.00000 1.00000 1.00000 0.03809 1.30000 1.14438 
0170  0.85972 1.11828 1.00000 1.00000 1.00000 0.03807 1.30000 1.06938 
0171  0.87083 1.12602 1.00000 1.00000 1.00000 0.03804 1.30000 1.07381 
0172  0.88194 1.04261 1.00000 1.00000 1.00000 0.03802 1.30000 1.02535 
0173  0.89306 2.83155 1.00000 1.00000 1.00000 0.03800 1.30000 1.86730 
0174  0.90972 1.31704 1.00000 1.00000 1.00000 0.03797 1.30000 1.17967 
0175  1.07222 1.21842 1.00000 1.00000 1.00000 0.03765 1.30000 1.12584 
0176  1.08333 1.04244 1.00000 1.00000 1.00000 0.03763 1.30000 1.02525 
0177  1.09444 2.03983 1.00000 1.00000 1.00000 0.03761 1.30000 1.53376 
0178  1.10556 1.60958 1.00000 1.00000 1.00000 0.03759 1.30000 1.33054 
0179  1.11667 1.30007 1.00000 1.00000 1.00000 0.03756 1.30000 1.17052 
0180  1.12778 1.09945 1.00000 1.00000 1.00000 0.03754 1.30000 1.05853 
0181  1.13889 1.09422 1.00000 1.00000 1.00000 0.03752 1.30000 1.05551 
0182  1.15000 1.05890 1.00000 1.00000 1.00000 0.03750 1.30000 1.03494 
0183  1.16111 1.38554 1.00000 1.00000 1.00000 0.03748 1.30000 1.21611 
0184  1.32361 1.24462 1.00000 1.00000 1.00000 0.03718 1.30000 1.14031 
0185  1.33472 1.04567 1.00000 1.00000 1.00000 0.03716 1.30000 1.02716 
0186  1.34583 2.23023 1.00000 1.00000 1.00000 0.03714 1.30000 1.61812 
0187  1.35694 1.51891 1.00000 1.00000 1.00000 0.03712 1.30000 1.28505 
0188  1.36806 1.35447 1.00000 1.00000 1.00000 0.03710 1.30000 1.19967 
0189  1.37917 1.08665 1.00000 1.00000 1.00000 0.03708 1.30000 1.05112 
0190  1.39028 1.06931 1.00000 1.00000 1.00000 0.03706 1.30000 1.04103 
0191  1.40139 1.07862 1.00000 1.00000 1.00000 0.03704 1.30000 1.04645 
0192  1.41250 1.46656 1.00000 1.00000 1.00000 0.03702 1.30000 1.25829 
0193  1.57500 1.27760 1.00000 1.00000 1.00000 0.03675 1.30000 1.15834 
0194  1.58611 1.05284 1.00000 1.00000 1.00000 0.03673 1.30000 1.03137 
0195  1.59722 2.46242 1.00000 1.00000 1.00000 0.03671 1.30000 1.71718 
0196  1.60833 1.44376 1.00000 1.00000 1.00000 0.03669 1.30000 1.24652 
0197  1.61944 1.41960 1.00000 1.00000 1.00000 0.03667 1.30000 1.23396 
0198  1.63056 1.07829 1.00000 1.00000 1.00000 0.03665 1.30000 1.04627 
0199  1.64167 1.04869 1.00000 1.00000 1.00000 0.03663 1.30000 1.02894 
0200  1.65278 1.10300 1.00000 1.00000 1.00000 0.03662 1.30000 1.06058 
0201  1.66389 1.56290 1.00000 1.00000 1.00000 0.03660 1.30000 1.30725 
0202  1.82639 1.31821 1.00000 1.00000 1.00000 0.03633 1.30000 1.18029 
0203  1.83750 1.06407 1.00000 1.00000 1.00000 0.03632 1.30000 1.03796 
0204  1.84861 2.75027 1.00000 1.00000 1.00000 0.03630 1.30000 1.83495 
0205  1.85972 1.38136 1.00000 1.00000 1.00000 0.03628 1.30000 1.21390 
0206  1.87083 1.49763 1.00000 1.00000 1.00000 0.03626 1.30000 1.27422 
0207  1.88194 1.07422 1.00000 1.00000 1.00000 0.03625 1.30000 1.04389 
0208  1.89306 1.03204 1.00000 1.00000 1.00000 0.03623 1.30000 1.01910 
0209  1.90417 1.13252 1.00000 1.00000 1.00000 0.03621 1.30000 1.07752 
0210  1.91528 1.67830 1.00000 1.00000 1.00000 0.03620 1.30000 1.36434 
0211  2.07778 1.36757 1.00000 1.00000 1.00000 0.03595 1.30000 1.20662 
0212  2.08889 1.07958 1.00000 1.00000 1.00000 0.03593 1.30000 1.04702 
0213  2.10000 1.33170 1.00000 1.00000 1.00000 0.03592 1.30000 1.18753 
0214  2.11111 1.58694 1.00000 1.00000 1.00000 0.03590 1.30000 1.31928 
0215  2.12222 1.07425 1.00000 1.00000 1.00000 0.03588 1.30000 1.04391 
0216  2.13333 1.01957 1.00000 1.00000 1.00000 0.03587 1.30000 1.01170 
0217  2.14444 1.16611 1.00000 1.00000 1.00000 0.03585 1.30000 1.09659 
0218  2.15556 1.81117 1.00000 1.00000 1.00000 0.03583 1.30000 1.42816 
0219  2.31806 1.42428 1.00000 1.00000 1.00000 0.03560 1.30000 1.23639 
0220  2.32917 1.09868 1.00000 1.00000 1.00000 0.03559 1.30000 1.05809 
0221  2.34028 1.29038 1.00000 1.00000 1.00000 0.03557 1.30000 1.16528 
0222  2.35139 1.69411 1.00000 1.00000 1.00000 0.03556 1.30000 1.37203 
0223  2.36250 1.07812 1.00000 1.00000 1.00000 0.03554 1.30000 1.04617 
0224  2.37361 1.01029 1.00000 1.00000 1.00000 0.03552 1.30000 1.00616 
0225  2.38472 1.20562 1.00000 1.00000 1.00000 0.03551 1.30000 1.11873 
0226  2.39583 1.97246 1.00000 1.00000 1.00000 0.03549 1.30000 1.50316 
0227  2.55833 1.49200 1.00000 1.00000 1.00000 0.03528 1.30000 1.27134 
0228  2.56944 1.12230 1.00000 1.00000 1.00000 0.03526 1.30000 1.07168 
0229  2.58056 1.25635 1.00000 1.00000 1.00000 0.03525 1.30000 1.14674 
0230  2.59167 1.82382 1.00000 1.00000 1.00000 0.03523 1.30000 1.43413 
0231  2.60278 1.08590 1.00000 1.00000 1.00000 0.03522 1.30000 1.05069 
0232  2.61389 1.00407 1.00000 1.00000 1.00000 0.03520 1.30000 1.00244 
0233  2.62500 1.25192 1.00000 1.00000 1.00000 0.03519 1.30000 1.14431 
0234  2.63611 2.17113 1.00000 1.00000 1.00000 0.03517 1.30000 1.59225 
0235  2.79861 1.57297 1.00000 1.00000 1.00000 0.03497 1.30000 1.31230 
0236  2.80972 1.15089 1.00000 1.00000 1.00000 0.03495 1.30000 1.08798 
0237  2.82083 1.22878 1.00000 1.00000 1.00000 0.03494 1.30000 1.13158 
0238  2.83194 1.98265 1.00000 1.00000 1.00000 0.03493 1.30000 1.50781 
0239  2.84306 1.09773 1.00000 1.00000 1.00000 0.03491 1.30000 1.05754 
0240  2.85417 1.00083 1.00000 1.00000 1.00000 0.03490 1.30000 1.00050 
0241  2.86528 1.30606 1.00000 1.00000 1.00000 0.03489 1.30000 1.17376 
0242  2.87639 2.42040 1.00000 1.00000 1.00000 0.03487 1.30000 1.69954 
0243  3.03889 1.67013 1.00000 1.00000 1.00000 0.03468 1.30000 1.36035 
0244  3.05000 1.18503 1.00000 1.00000 1.00000 0.03466 1.30000 1.10723 
0245  3.06111 1.20705 1.00000 1.00000 1.00000 0.03465 1.30000 1.11953 
0246  3.07222 2.18011 1.00000 1.00000 1.00000 0.03464 1.30000 1.59620 
0247  3.08333 1.11382 1.00000 1.00000 1.00000 0.03463 1.30000 1.06681 
0248  3.09444 1.00052 1.00000 1.00000 1.00000 0.03461 1.30000 1.00031 
0249  3.10556 1.36941 1.00000 1.00000 1.00000 0.03460 1.30000 1.20759 
0250  3.11667 2.74052 1.00000 1.00000 1.00000 0.03459 1.30000 1.83105 
0251  3.27917 1.78752 1.00000 1.00000 1.00000 0.03441 1.30000 1.41694 
0252  3.29028 1.22544 1.00000 1.00000 1.00000 0.03439 1.30000 1.12973 
0253  3.30139 1.19068 1.00000 1.00000 1.00000 0.03438 1.30000 1.11039 
0254  3.31250 2.43041 1.00000 1.00000 1.00000 0.03437 1.30000 1.70376 
0255  3.32361 1.13446 1.00000 1.00000 1.00000 0.03436 1.30000 1.07863 
0256  3.33472 1.00313 1.00000 1.00000 1.00000 0.03434 1.30000 1.00188 
0257  3.34583 1.44372 1.00000 1.00000 1.00000 0.03433 1.30000 1.24649 
0258  3.50694 1.92253 1.00000 1.00000 1.00000 0.03416 1.30000 1.48021 
0259  3.51806 1.27035 1.00000 1.00000 1.00000 0.03415 1.30000 1.15439 
0260  3.52917 1.17981 1.00000 1.00000 1.00000 0.03414 1.30000 1.10430 
0261  3.54028 2.73650 1.00000 1.00000 1.00000 0.03413 1.30000 1.82944 
0262  3.55139 1.15861 1.00000 1.00000 1.00000 0.03412 1.30000 1.09235 
0263  3.56250 1.00834 1.00000 1.00000 1.00000 0.03410 1.30000 1.00500 
0264  3.57361 1.52633 1.00000 1.00000 1.00000 0.03409 1.30000 1.28881 
0265  3.73472 2.08742 1.00000 1.00000 1.00000 0.03393 1.30000 1.55513 
0266  3.74583 1.32271 1.00000 1.00000 1.00000 0.03392 1.30000 1.18271 
0267  3.75694 1.17325 1.00000 1.00000 1.00000 0.03391 1.30000 1.10061 
0268  3.76806 1.18612 1.00000 1.00000 1.00000 0.03390 1.30000 1.10784 
0269  3.77917 1.01583 1.00000 1.00000 1.00000 0.03389 1.30000 1.00947 
0270  3.79028 1.61825 1.00000 1.00000 1.00000 0.03388 1.30000 1.33484 
0271  3.95139 2.28077 1.00000 1.00000 1.00000 0.03372 1.30000 1.64002 
0272  3.96250 1.38054 1.00000 1.00000 1.00000 0.03371 1.30000 1.21347 
0273  3.97361 1.17092 1.00000 1.00000 1.00000 0.03370 1.30000 1.09930 
0274  3.98472 1.21853 1.00000 1.00000 1.00000 0.03369 1.30000 1.12590 
0275  3.99583 1.02587 1.00000 1.00000 1.00000 0.03368 1.30000 1.01544 
