RUN  TIME     AIRMASS Water   Ozone   Ray     A0      alpha   seeing  gray
0001 -4.00000 2.33020 1.00000 1.00000 1.00000 0.03000 1.30000 4.98376
0002 -3.98889 2.82839 1.00000 1.00000 1.00000 0.03000 1.30000 5.59815
0003 -3.97778 1.01139 1.00000 1.00000 1.00000 0.03000 1.30000 3.02046
0004 -3.96667 1.53135 1.00000 1.00000 1.00000 0.03000 1.30000 3.87406
0005 -3.95556 1.69889 1.00000 1.00000 1.00000 0.03000 1.30000 4.12306
0006 -3.94444 1.37839 1.00000 1.00000 1.00000 0.03000 1.30000 3.63701
0007 -3.92778 1.13558 1.00000 1.00000 1.00000 0.03000 1.30000 3.23781
0008 -3.76528 2.11229 1.00000 1.00000 1.00000 0.03000 1.30000 4.69865
0009 -3.75417 2.49040 1.00000 1.00000 1.00000 0.03000 1.30000 5.18659
0010 -3.74306 1.01289 1.00000 1.00000 1.00000 0.03000 1.30000 3.02314
0011 -3.73194 1.45277 1.00000 1.00000 1.00000 0.03000 1.30000 3.75353
0012 -3.72083 1.58721 1.00000 1.00000 1.00000 0.03000 1.30000 3.95824
0013 -3.70972 1.35769 1.00000 1.00000 1.00000 0.03000 1.30000 3.60415
0014 -3.69306 1.10737 1.00000 1.00000 1.00000 0.03000 1.30000 3.18930
0015 -3.53056 1.93810 1.00000 1.00000 1.00000 0.03000 1.30000 4.46217
0016 -3.51944 2.22900 1.00000 1.00000 1.00000 0.03000 1.30000 4.85275
0017 -3.50833 1.01693 1.00000 1.00000 1.00000 0.03000 1.30000 3.03037
0018 -3.49722 1.38647 1.00000 1.00000 1.00000 0.03000 1.30000 3.64979
0019 -3.48611 1.49304 1.00000 1.00000 1.00000 0.03000 1.30000 3.81561
0020 -3.47500 1.34319 1.00000 1.00000 1.00000 0.03000 1.30000 3.58100
0021 -3.45833 1.08371 1.00000 1.00000 1.00000 0.03000 1.30000 3.14826
0022 -3.29583 1.79655 1.00000 1.00000 1.00000 0.03000 1.30000 4.26368
0023 -3.28472 2.02178 1.00000 1.00000 1.00000 0.03000 1.30000 4.57680
0024 -3.27361 1.02355 1.00000 1.00000 1.00000 0.03000 1.30000 3.04220
0025 -3.26250 1.33042 1.00000 1.00000 1.00000 0.03000 1.30000 3.56053
0026 -3.25139 1.41307 1.00000 1.00000 1.00000 0.03000 1.30000 3.69164
0027 -3.24028 1.33457 1.00000 1.00000 1.00000 0.03000 1.30000 3.56718
0028 -3.22361 1.06422 1.00000 1.00000 1.00000 0.03000 1.30000 3.11415
0029 -3.06111 1.68007 1.00000 1.00000 1.00000 0.03000 1.30000 4.09560
0030 -3.05000 1.85427 1.00000 1.00000 1.00000 0.03000 1.30000 4.34535
0031 -3.03889 1.03284 1.00000 1.00000 1.00000 0.03000 1.30000 3.05872
0032 -3.02778 1.28308 1.00000 1.00000 1.00000 0.03000 1.30000 3.48396
0033 -3.01667 1.34480 1.00000 1.00000 1.00000 0.03000 1.30000 3.58357
0034 -3.00556 1.33162 1.00000 1.00000 1.00000 0.03000 1.30000 3.56246
0035 -2.98889 1.04855 1.00000 1.00000 1.00000 0.03000 1.30000 3.08656
0036 -2.82639 1.58331 1.00000 1.00000 1.00000 0.03000 1.30000 3.95240
0037 -2.81528 1.71675 1.00000 1.00000 1.00000 0.03000 1.30000 4.14901
0038 -2.80417 1.04489 1.00000 1.00000 1.00000 0.03000 1.30000 3.08009
0039 -2.79306 1.24323 1.00000 1.00000 1.00000 0.03000 1.30000 3.41864
0040 -2.78194 2.80115 1.00000 1.00000 1.00000 0.03000 1.30000 5.56575
0041 -2.77083 1.28376 1.00000 1.00000 1.00000 0.03000 1.30000 3.48508
0042 -2.75972 1.33457 1.00000 1.00000 1.00000 0.03000 1.30000 3.56718
0043 -2.74306 1.03598 1.00000 1.00000 1.00000 0.03000 1.30000 3.06430
0044 -2.58056 1.49890 1.00000 1.00000 1.00000 0.03000 1.30000 3.82459
0045 -2.56944 1.59753 1.00000 1.00000 1.00000 0.03000 1.30000 3.97365
0046 -2.55833 1.06063 1.00000 1.00000 1.00000 0.03000 1.30000 3.10785
0047 -2.54722 1.20852 1.00000 1.00000 1.00000 0.03000 1.30000 3.36105
0048 -2.53611 2.45521 1.00000 1.00000 1.00000 0.03000 1.30000 5.14250
0049 -2.52500 2.81598 1.00000 1.00000 1.00000 0.03000 1.30000 5.58341
0050 -2.51389 1.22961 1.00000 1.00000 1.00000 0.03000 1.30000 3.39610
0051 -2.50278 1.34431 1.00000 1.00000 1.00000 0.03000 1.30000 3.58279
0052 -2.48611 1.02681 1.00000 1.00000 1.00000 0.03000 1.30000 3.04800
0053 -2.32361 1.42571 1.00000 1.00000 1.00000 0.03000 1.30000 3.71142
0054 -2.31250 1.49419 1.00000 1.00000 1.00000 0.03000 1.30000 3.81737
0055 -2.30139 1.08072 1.00000 1.00000 1.00000 0.03000 1.30000 3.14304
0056 -2.29028 1.17903 1.00000 1.00000 1.00000 0.03000 1.30000 3.31159
0057 -2.27917 2.18058 1.00000 1.00000 1.00000 0.03000 1.30000 4.78922
0058 -2.26806 2.47689 1.00000 1.00000 1.00000 0.03000 1.30000 5.16970
0059 -2.25694 1.18382 1.00000 1.00000 1.00000 0.03000 1.30000 3.31966
0060 -2.24583 1.36112 1.00000 1.00000 1.00000 0.03000 1.30000 3.60961
0061 -2.22917 1.02153 1.00000 1.00000 1.00000 0.03000 1.30000 3.03859
0062 -2.06667 1.36518 1.00000 1.00000 1.00000 0.03000 1.30000 3.61606
0063 -2.05556 1.40812 1.00000 1.00000 1.00000 0.03000 1.30000 3.68388
0064 -2.04444 1.10483 1.00000 1.00000 1.00000 0.03000 1.30000 3.18492
0065 -2.03333 1.15576 1.00000 1.00000 1.00000 0.03000 1.30000 3.27221
0066 -2.02222 1.96729 1.00000 1.00000 1.00000 0.03000 1.30000 4.50238
0067 -2.01111 2.21331 1.00000 1.00000 1.00000 0.03000 1.30000 4.83222
0068 -2.00000 1.14525 1.00000 1.00000 1.00000 0.03000 1.30000 3.25433
0069 -1.98889 1.38546 1.00000 1.00000 1.00000 0.03000 1.30000 3.64819
0070 -1.97222 1.02005 1.00000 1.00000 1.00000 0.03000 1.30000 3.03595
0071 -1.80972 1.31526 1.00000 1.00000 1.00000 0.03000 1.30000 3.53613
0072 -1.79861 1.33602 1.00000 1.00000 1.00000 0.03000 1.30000 3.56952
0073 -1.78750 1.13333 1.00000 1.00000 1.00000 0.03000 1.30000 3.23397
0074 -1.77639 1.13815 1.00000 1.00000 1.00000 0.03000 1.30000 3.24220
0075 -1.76528 1.79788 1.00000 1.00000 1.00000 0.03000 1.30000 4.26558
0076 -1.75417 2.00358 1.00000 1.00000 1.00000 0.03000 1.30000 4.55204
0077 -1.74306 1.11298 1.00000 1.00000 1.00000 0.03000 1.30000 3.19899
0078 -1.73194 1.41799 1.00000 1.00000 1.00000 0.03000 1.30000 3.69935
0079 -1.71528 1.02235 1.00000 1.00000 1.00000 0.03000 1.30000 3.04004
0080 -1.55278 1.27439 1.00000 1.00000 1.00000 0.03000 1.30000 3.46978
0081 -1.54167 1.27541 1.00000 1.00000 1.00000 0.03000 1.30000 3.47146
0082 -1.53056 1.16669 1.00000 1.00000 1.00000 0.03000 1.30000 3.29075
0083 -1.51944 1.12581 1.00000 1.00000 1.00000 0.03000 1.30000 3.22107
0084 -1.50833 1.66100 1.00000 1.00000 1.00000 0.03000 1.30000 4.06764
0085 -1.49722 1.83359 1.00000 1.00000 1.00000 0.03000 1.30000 4.31621
0086 -1.48611 1.08629 1.00000 1.00000 1.00000 0.03000 1.30000 3.15274
0087 -1.47500 1.45968 1.00000 1.00000 1.00000 0.03000 1.30000 3.76423
0088 -1.45833 1.02846 1.00000 1.00000 1.00000 0.03000 1.30000 3.05093
0089 -1.29583 1.24140 1.00000 1.00000 1.00000 0.03000 1.30000 3.41561
0090 -1.28472 1.22442 1.00000 1.00000 1.00000 0.03000 1.30000 3.38751
0091 -1.27361 1.20548 1.00000 1.00000 1.00000 0.03000 1.30000 3.35596
0092 -1.26250 1.11847 1.00000 1.00000 1.00000 0.03000 1.30000 3.20846
0093 -1.25139 1.54892 1.00000 1.00000 1.00000 0.03000 1.30000 3.90066
0094 -1.24028 1.69374 1.00000 1.00000 1.00000 0.03000 1.30000 4.11556
0095 -1.22917 1.06463 1.00000 1.00000 1.00000 0.03000 1.30000 3.11488
0096 -1.21806 1.51182 1.00000 1.00000 1.00000 0.03000 1.30000 3.84433
0097 -1.20139 1.03849 1.00000 1.00000 1.00000 0.03000 1.30000 3.06875
0098 -1.03889 1.21541 1.00000 1.00000 1.00000 0.03000 1.30000 3.37253
0099 -1.02778 1.18162 1.00000 1.00000 1.00000 0.03000 1.30000 3.31596
0100 -1.01667 1.25041 1.00000 1.00000 1.00000 0.03000 1.30000 3.43046
0101 -1.00556 1.11597 1.00000 1.00000 1.00000 0.03000 1.30000 3.20416
0102 -0.99444 1.45625 1.00000 1.00000 1.00000 0.03000 1.30000 3.75891
0103 -0.98333 1.57732 1.00000 1.00000 1.00000 0.03000 1.30000 3.94343
0104 -0.97222 1.04758 1.00000 1.00000 1.00000 0.03000 1.30000 3.08484
0105 -0.96111 1.57616 1.00000 1.00000 1.00000 0.03000 1.30000 3.94169
0106 -0.94444 1.05263 1.00000 1.00000 1.00000 0.03000 1.30000 3.09375
0107 -0.78194 1.19577 1.00000 1.00000 1.00000 0.03000 1.30000 3.33972
0108 -0.77083 1.14591 1.00000 1.00000 1.00000 0.03000 1.30000 3.25545
0109 -0.75972 1.30235 1.00000 1.00000 1.00000 0.03000 1.30000 3.51526
0110 -0.74861 1.11826 1.00000 1.00000 1.00000 0.03000 1.30000 3.20810
0111 -0.73750 1.37910 1.00000 1.00000 1.00000 0.03000 1.30000 3.63813
0112 -0.72639 1.47951 1.00000 1.00000 1.00000 0.03000 1.30000 3.79482
0113 -0.71528 1.03479 1.00000 1.00000 1.00000 0.03000 1.30000 3.06220
0114 -0.70417 1.65509 1.00000 1.00000 1.00000 0.03000 1.30000 4.05896
0115 -0.68750 1.07113 1.00000 1.00000 1.00000 0.03000 1.30000 3.12628
0116 -0.52500 1.18200 1.00000 1.00000 1.00000 0.03000 1.30000 3.31659
0117 -0.51389 1.11641 1.00000 1.00000 1.00000 0.03000 1.30000 3.20491
0118 -0.50278 1.36239 1.00000 1.00000 1.00000 0.03000 1.30000 3.61162
0119 -0.49167 1.12539 1.00000 1.00000 1.00000 0.03000 1.30000 3.22035
0120 -0.48056 1.31462 1.00000 1.00000 1.00000 0.03000 1.30000 3.53510
0121 -0.46944 1.39672 1.00000 1.00000 1.00000 0.03000 1.30000 3.66596
0122 -0.45833 1.02605 1.00000 1.00000 1.00000 0.03000 1.30000 3.04665
0123 -0.44722 1.75184 1.00000 1.00000 1.00000 0.03000 1.30000 4.19969
0124 -0.43056 1.09437 1.00000 1.00000 1.00000 0.03000 1.30000 3.16679
0125 -0.26806 1.17377 1.00000 1.00000 1.00000 0.03000 1.30000 3.30271
0126 -0.25694 1.09248 1.00000 1.00000 1.00000 0.03000 1.30000 3.16351
0127 -0.24583 1.43189 1.00000 1.00000 1.00000 0.03000 1.30000 3.72106
0128 -0.23472 2.60862 1.00000 1.00000 1.00000 0.03000 1.30000 5.33296
0129 -0.22361 1.13815 1.00000 1.00000 1.00000 0.03000 1.30000 3.24220
0130 -0.21250 1.25855 1.00000 1.00000 1.00000 0.03000 1.30000 3.44384
0131 -0.20139 1.32349 1.00000 1.00000 1.00000 0.03000 1.30000 3.54939
0132 -0.19028 1.02106 1.00000 1.00000 1.00000 0.03000 1.30000 3.03775
0133 -0.17917 1.87661 1.00000 1.00000 1.00000 0.03000 1.30000 4.37669
0134 -0.16250 1.12416 1.00000 1.00000 1.00000 0.03000 1.30000 3.21823
0135 -0.00000 1.17089 1.00000 1.00000 1.00000 0.03000 1.30000 3.29785
0136  0.01111 1.07288 1.00000 1.00000 1.00000 0.03000 1.30000 3.12934
0137  0.02222 1.51635 1.00000 1.00000 1.00000 0.03000 1.30000 3.85124
0138  0.03333 2.29604 1.00000 1.00000 1.00000 0.03000 1.30000 4.93979
0139  0.04444 1.15664 1.00000 1.00000 1.00000 0.03000 1.30000 3.27371
0140  0.05556 1.21211 1.00000 1.00000 1.00000 0.03000 1.30000 3.36702
0141  0.06667 1.26139 1.00000 1.00000 1.00000 0.03000 1.30000 3.44850
0142  0.07778 1.02020 1.00000 1.00000 1.00000 0.03000 1.30000 3.03622
0143  0.08889 2.03292 1.00000 1.00000 1.00000 0.03000 1.30000 4.59191
0144  0.10556 1.16029 1.00000 1.00000 1.00000 0.03000 1.30000 3.27990
0145  0.26806 1.17377 1.00000 1.00000 1.00000 0.03000 1.30000 3.30271
0146  0.27917 1.05834 1.00000 1.00000 1.00000 0.03000 1.30000 3.10382
0147  0.29028 1.61549 1.00000 1.00000 1.00000 0.03000 1.30000 4.00040
0148  0.30139 2.05893 1.00000 1.00000 1.00000 0.03000 1.30000 4.62708
0149  0.31250 1.18133 1.00000 1.00000 1.00000 0.03000 1.30000 3.31546
0150  0.32361 1.17391 1.00000 1.00000 1.00000 0.03000 1.30000 3.30295
0151  0.33472 1.20864 1.00000 1.00000 1.00000 0.03000 1.30000 3.36124
0152  0.34583 1.02345 1.00000 1.00000 1.00000 0.03000 1.30000 3.04201
0153  0.35694 2.23149 1.00000 1.00000 1.00000 0.03000 1.30000 4.85600
0154  0.37361 1.20365 1.00000 1.00000 1.00000 0.03000 1.30000 3.35291
0155  0.53611 1.18248 1.00000 1.00000 1.00000 0.03000 1.30000 3.31739
0156  0.54722 1.04854 1.00000 1.00000 1.00000 0.03000 1.30000 3.08654
0157  0.55833 1.73260 1.00000 1.00000 1.00000 0.03000 1.30000 4.17196
0158  0.56944 1.87430 1.00000 1.00000 1.00000 0.03000 1.30000 4.37346
0159  0.58056 1.21284 1.00000 1.00000 1.00000 0.03000 1.30000 3.36824
0160  0.59167 1.14290 1.00000 1.00000 1.00000 0.03000 1.30000 3.25033
0161  0.60278 1.16388 1.00000 1.00000 1.00000 0.03000 1.30000 3.28599
0162  0.61389 1.03087 1.00000 1.00000 1.00000 0.03000 1.30000 3.05523
0163  0.62500 2.48883 1.00000 1.00000 1.00000 0.03000 1.30000 5.18464
0164  0.64167 1.25541 1.00000 1.00000 1.00000 0.03000 1.30000 3.43868
0165  0.80417 1.19723 1.00000 1.00000 1.00000 0.03000 1.30000 3.34217
0166  0.81528 1.04328 1.00000 1.00000 1.00000 0.03000 1.30000 3.07724
0167  0.82639 1.87206 1.00000 1.00000 1.00000 0.03000 1.30000 4.37032
0168  0.83750 1.72769 1.00000 1.00000 1.00000 0.03000 1.30000 4.16487
0169  0.84861 1.25204 1.00000 1.00000 1.00000 0.03000 1.30000 3.43315
0170  0.85972 1.11828 1.00000 1.00000 1.00000 0.03000 1.30000 3.20813
0171  0.87083 1.12602 1.00000 1.00000 1.00000 0.03000 1.30000 3.22143
0172  0.88194 1.04261 1.00000 1.00000 1.00000 0.03000 1.30000 3.07606
0173  0.89306 2.83155 1.00000 1.00000 1.00000 0.03000 1.30000 5.60190
0174  0.90972 1.31704 1.00000 1.00000 1.00000 0.03000 1.30000 3.53900
0175  1.07222 1.21842 1.00000 1.00000 1.00000 0.03000 1.30000 3.37753
0176  1.08333 1.04244 1.00000 1.00000 1.00000 0.03000 1.30000 3.07576
0177  1.09444 2.03983 1.00000 1.00000 1.00000 0.03000 1.30000 4.60127
0178  1.10556 1.60958 1.00000 1.00000 1.00000 0.03000 1.30000 3.99162
0179  1.11667 1.30007 1.00000 1.00000 1.00000 0.03000 1.30000 3.51157
0180  1.12778 1.09945 1.00000 1.00000 1.00000 0.03000 1.30000 3.17560
0181  1.13889 1.09422 1.00000 1.00000 1.00000 0.03000 1.30000 3.16654
0182  1.15000 1.05890 1.00000 1.00000 1.00000 0.03000 1.30000 3.10481
0183  1.16111 1.38554 1.00000 1.00000 1.00000 0.03000 1.30000 3.64832
0184  1.32361 1.24462 1.00000 1.00000 1.00000 0.03000 1.30000 3.42092
0185  1.33472 1.04567 1.00000 1.00000 1.00000 0.03000 1.30000 3.08147
0186  1.34583 2.23023 1.00000 1.00000 1.00000 0.03000 1.30000 4.85435
0187  1.35694 1.51891 1.00000 1.00000 1.00000 0.03000 1.30000 3.85514
0188  1.36806 1.35447 1.00000 1.00000 1.00000 0.03000 1.30000 3.59900
0189  1.37917 1.08665 1.00000 1.00000 1.00000 0.03000 1.30000 3.15337
0190  1.39028 1.06931 1.00000 1.00000 1.00000 0.03000 1.30000 3.12308
0191  1.40139 1.07862 1.00000 1.00000 1.00000 0.03000 1.30000 3.13936
0192  1.41250 1.46656 1.00000 1.00000 1.00000 0.03000 1.30000 3.77487
0193  1.57500 1.27760 1.00000 1.00000 1.00000 0.03000 1.30000 3.47502
0194  1.58611 1.05284 1.00000 1.00000 1.00000 0.03000 1.30000 3.09412
0195  1.59722 2.46242 1.00000 1.00000 1.00000 0.03000 1.30000 5.15155
0196  1.60833 1.44376 1.00000 1.00000 1.00000 0.03000 1.30000 3.73955
0197  1.61944 1.41960 1.00000 1.00000 1.00000 0.03000 1.30000 3.70187
0198  1.63056 1.07829 1.00000 1.00000 1.00000 0.03000 1.30000 3.13880
0199  1.64167 1.04869 1.00000 1.00000 1.00000 0.03000 1.30000 3.08682
0200  1.65278 1.10300 1.00000 1.00000 1.00000 0.03000 1.30000 3.18175
0201  1.66389 1.56290 1.00000 1.00000 1.00000 0.03000 1.30000 3.92175
0202  1.82639 1.31821 1.00000 1.00000 1.00000 0.03000 1.30000 3.54088
0203  1.83750 1.06407 1.00000 1.00000 1.00000 0.03000 1.30000 3.11389
0204  1.84861 2.75027 1.00000 1.00000 1.00000 0.03000 1.30000 5.50486
0205  1.85972 1.38136 1.00000 1.00000 1.00000 0.03000 1.30000 3.64171
0206  1.87083 1.49763 1.00000 1.00000 1.00000 0.03000 1.30000 3.82265
0207  1.88194 1.07422 1.00000 1.00000 1.00000 0.03000 1.30000 3.13167
0208  1.89306 1.03204 1.00000 1.00000 1.00000 0.03000 1.30000 3.05731
0209  1.90417 1.13252 1.00000 1.00000 1.00000 0.03000 1.30000 3.23257
0210  1.91528 1.67830 1.00000 1.00000 1.00000 0.03000 1.30000 4.09302
0211  2.07778 1.36757 1.00000 1.00000 1.00000 0.03000 1.30000 3.61985
0212  2.08889 1.07958 1.00000 1.00000 1.00000 0.03000 1.30000 3.14105
0213  2.10000 1.33170 1.00000 1.00000 1.00000 0.03000 1.30000 3.56258
0214  2.11111 1.58694 1.00000 1.00000 1.00000 0.03000 1.30000 3.95784
0215  2.12222 1.07425 1.00000 1.00000 1.00000 0.03000 1.30000 3.13173
0216  2.13333 1.01957 1.00000 1.00000 1.00000 0.03000 1.30000 3.03509
0217  2.14444 1.16611 1.00000 1.00000 1.00000 0.03000 1.30000 3.28976
0218  2.15556 1.81117 1.00000 1.00000 1.00000 0.03000 1.30000 4.28447
0219  2.31806 1.42428 1.00000 1.00000 1.00000 0.03000 1.30000 3.70918
0220  2.32917 1.09868 1.00000 1.00000 1.00000 0.03000 1.30000 3.17427
0221  2.34028 1.29038 1.00000 1.00000 1.00000 0.03000 1.30000 3.49584
0222  2.35139 1.69411 1.00000 1.00000 1.00000 0.03000 1.30000 4.11610
0223  2.36250 1.07812 1.00000 1.00000 1.00000 0.03000 1.30000 3.13850
0224  2.37361 1.01029 1.00000 1.00000 1.00000 0.03000 1.30000 3.01849
0225  2.38472 1.20562 1.00000 1.00000 1.00000 0.03000 1.30000 3.35620
0226  2.39583 1.97246 1.00000 1.00000 1.00000 0.03000 1.30000 4.50947
0227  2.55833 1.49200 1.00000 1.00000 1.00000 0.03000 1.30000 3.81402
0228  2.56944 1.12230 1.00000 1.00000 1.00000 0.03000 1.30000 3.21504
0229  2.58056 1.25635 1.00000 1.00000 1.00000 0.03000 1.30000 3.44023
0230  2.59167 1.82382 1.00000 1.00000 1.00000 0.03000 1.30000 4.30239
0231  2.60278 1.08590 1.00000 1.00000 1.00000 0.03000 1.30000 3.15207
0232  2.61389 1.00407 1.00000 1.00000 1.00000 0.03000 1.30000 3.00733
0233  2.62500 1.25192 1.00000 1.00000 1.00000 0.03000 1.30000 3.43294
0234  2.63611 2.17113 1.00000 1.00000 1.00000 0.03000 1.30000 4.77675
0235  2.79861 1.57297 1.00000 1.00000 1.00000 0.03000 1.30000 3.93689
0236  2.80972 1.15089 1.00000 1.00000 1.00000 0.03000 1.30000 3.26394
0237  2.82083 1.22878 1.00000 1.00000 1.00000 0.03000 1.30000 3.39473
0238  2.83194 1.98265 1.00000 1.00000 1.00000 0.03000 1.30000 4.52344
0239  2.84306 1.09773 1.00000 1.00000 1.00000 0.03000 1.30000 3.17262
0240  2.85417 1.00083 1.00000 1.00000 1.00000 0.03000 1.30000 3.00149
0241  2.86528 1.30606 1.00000 1.00000 1.00000 0.03000 1.30000 3.52127
0242  2.87639 2.42040 1.00000 1.00000 1.00000 0.03000 1.30000 5.09863
0243  3.03889 1.67013 1.00000 1.00000 1.00000 0.03000 1.30000 4.08105
0244  3.05000 1.18503 1.00000 1.00000 1.00000 0.03000 1.30000 3.32169
0245  3.06111 1.20705 1.00000 1.00000 1.00000 0.03000 1.30000 3.35858
0246  3.07222 2.18011 1.00000 1.00000 1.00000 0.03000 1.30000 4.78860
0247  3.08333 1.11382 1.00000 1.00000 1.00000 0.03000 1.30000 3.20044
0248  3.09444 1.00052 1.00000 1.00000 1.00000 0.03000 1.30000 3.00093
0249  3.10556 1.36941 1.00000 1.00000 1.00000 0.03000 1.30000 3.62277
0250  3.11667 2.74052 1.00000 1.00000 1.00000 0.03000 1.30000 5.49315
0251  3.27917 1.78752 1.00000 1.00000 1.00000 0.03000 1.30000 4.25082
0252  3.29028 1.22544 1.00000 1.00000 1.00000 0.03000 1.30000 3.38919
0253  3.30139 1.19068 1.00000 1.00000 1.00000 0.03000 1.30000 3.33118
0254  3.31250 2.43041 1.00000 1.00000 1.00000 0.03000 1.30000 5.11128
0255  3.32361 1.13446 1.00000 1.00000 1.00000 0.03000 1.30000 3.23590
0256  3.33472 1.00313 1.00000 1.00000 1.00000 0.03000 1.30000 3.00563
0257  3.34583 1.44372 1.00000 1.00000 1.00000 0.03000 1.30000 3.73947
0258  3.50694 1.92253 1.00000 1.00000 1.00000 0.03000 1.30000 4.44063
0259  3.51806 1.27035 1.00000 1.00000 1.00000 0.03000 1.30000 3.46318
0260  3.52917 1.17981 1.00000 1.00000 1.00000 0.03000 1.30000 3.31290
0261  3.54028 2.73650 1.00000 1.00000 1.00000 0.03000 1.30000 5.48831
0262  3.55139 1.15861 1.00000 1.00000 1.00000 0.03000 1.30000 3.27705
0263  3.56250 1.00834 1.00000 1.00000 1.00000 0.03000 1.30000 3.01499
0264  3.57361 1.52633 1.00000 1.00000 1.00000 0.03000 1.30000 3.86643
0265  3.73472 2.08742 1.00000 1.00000 1.00000 0.03000 1.30000 4.66538
0266  3.74583 1.32271 1.00000 1.00000 1.00000 0.03000 1.30000 3.54813
0267  3.75694 1.17325 1.00000 1.00000 1.00000 0.03000 1.30000 3.30184
0268  3.76806 1.18612 1.00000 1.00000 1.00000 0.03000 1.30000 3.32351
0269  3.77917 1.01583 1.00000 1.00000 1.00000 0.03000 1.30000 3.02840
0270  3.79028 1.61825 1.00000 1.00000 1.00000 0.03000 1.30000 4.00451
0271  3.95139 2.28077 1.00000 1.00000 1.00000 0.03000 1.30000 4.92006
0272  3.96250 1.38054 1.00000 1.00000 1.00000 0.03000 1.30000 3.64042
0273  3.97361 1.17092 1.00000 1.00000 1.00000 0.03000 1.30000 3.29789
0274  3.98472 1.21853 1.00000 1.00000 1.00000 0.03000 1.30000 3.37771
0275  3.99583 1.02587 1.00000 1.00000 1.00000 0.03000 1.30000 3.04632
