RUN  EXP      TIME     AIRMASS NAME       TYPE
0001    10.00 -4.00000 2.33020 Star01     CONSTANT  
0002    10.00 -3.98889 2.82839 Star10     CONSTANT  
0003    10.00 -3.97778 1.01139 Star09     CONSTANT  
0004    10.00 -3.96667 1.53135 Star07     CONSTANT   var
0005    10.00 -3.95556 1.69889 Star04     CONSTANT  
0006    30.00 -3.94444 1.37839 Star03     CONSTANT  
0007    15.00 -3.92778 1.13558 Star02     CONSTANT  
0008    10.00 -3.76528 2.11229 Star01     CONSTANT  
0009    10.00 -3.75417 2.49040 Star10     CONSTANT  
0010    10.00 -3.74306 1.01289 Star09     CONSTANT  
0011    10.00 -3.73194 1.45277 Star07     CONSTANT   var
0012    10.00 -3.72083 1.58721 Star04     CONSTANT  
0013    30.00 -3.70972 1.35769 Star03     CONSTANT  
0014    15.00 -3.69306 1.10737 Star02     CONSTANT  
0015    10.00 -3.53056 1.93810 Star01     CONSTANT  
0016    10.00 -3.51944 2.22900 Star10     CONSTANT  
0017    10.00 -3.50833 1.01693 Star09     CONSTANT  
0018    10.00 -3.49722 1.38647 Star07     CONSTANT   var
0019    10.00 -3.48611 1.49304 Star04     CONSTANT  
0020    30.00 -3.47500 1.34319 Star03     CONSTANT  
0021    15.00 -3.45833 1.08371 Star02     CONSTANT  
0022    10.00 -3.29583 1.79655 Star01     CONSTANT  
0023    10.00 -3.28472 2.02178 Star10     CONSTANT  
0024    10.00 -3.27361 1.02355 Star09     CONSTANT  
0025    10.00 -3.26250 1.33042 Star07     CONSTANT   var
0026    10.00 -3.25139 1.41307 Star04     CONSTANT  
0027    30.00 -3.24028 1.33457 Star03     CONSTANT  
0028    15.00 -3.22361 1.06422 Star02     CONSTANT  
0029    10.00 -3.06111 1.68007 Star01     CONSTANT  
0030    10.00 -3.05000 1.85427 Star10     CONSTANT  
0031    10.00 -3.03889 1.03284 Star09     CONSTANT  
0032    10.00 -3.02778 1.28308 Star07     CONSTANT   var
0033    10.00 -3.01667 1.34480 Star04     CONSTANT  
0034    30.00 -3.00556 1.33162 Star03     CONSTANT  
0035    15.00 -2.98889 1.04855 Star02     CONSTANT  
0036    10.00 -2.82639 1.58331 Star01     CONSTANT  
0037    10.00 -2.81528 1.71675 Star10     CONSTANT  
0038    10.00 -2.80417 1.04489 Star09     CONSTANT  
0039    10.00 -2.79306 1.24323 Star07     CONSTANT   var
0040    10.00 -2.78194 2.80115 Star06     CONSTANT  
0041    10.00 -2.77083 1.28376 Star04     CONSTANT  
0042    30.00 -2.75972 1.33457 Star03     CONSTANT  
0043    15.00 -2.74306 1.03598 Star02     CONSTANT  
0044    10.00 -2.58056 1.49890 Star01     CONSTANT  
0045    10.00 -2.56944 1.59753 Star10     CONSTANT  
0046    10.00 -2.55833 1.06063 Star09     CONSTANT  
0047    10.00 -2.54722 1.20852 Star07     CONSTANT   var
0048    10.00 -2.53611 2.45521 Star06     CONSTANT  
0049    10.00 -2.52500 2.81598 Star05     CONSTANT  
0050    10.00 -2.51389 1.22961 Star04     CONSTANT  
0051    30.00 -2.50278 1.34431 Star03     CONSTANT  
0052    15.00 -2.48611 1.02681 Star02     CONSTANT  
0053    10.00 -2.32361 1.42571 Star01     CONSTANT  
0054    10.00 -2.31250 1.49419 Star10     CONSTANT  
0055    10.00 -2.30139 1.08072 Star09     CONSTANT  
0056    10.00 -2.29028 1.17903 Star07     CONSTANT   var
0057    10.00 -2.27917 2.18058 Star06     CONSTANT  
0058    10.00 -2.26806 2.47689 Star05     CONSTANT  
0059    10.00 -2.25694 1.18382 Star04     CONSTANT  
0060    30.00 -2.24583 1.36112 Star03     CONSTANT  
0061    15.00 -2.22917 1.02153 Star02     CONSTANT  
0062    10.00 -2.06667 1.36518 Star01     CONSTANT  
0063    10.00 -2.05556 1.40812 Star10     CONSTANT  
0064    10.00 -2.04444 1.10483 Star09     CONSTANT  
0065    10.00 -2.03333 1.15576 Star07     CONSTANT   var
0066    10.00 -2.02222 1.96729 Star06     CONSTANT  
0067    10.00 -2.01111 2.21331 Star05     CONSTANT  
0068    10.00 -2.00000 1.14525 Star04     CONSTANT  
0069    30.00 -1.98889 1.38546 Star03     CONSTANT  
0070    15.00 -1.97222 1.02005 Star02     CONSTANT  
0071    10.00 -1.80972 1.31526 Star01     CONSTANT  
0072    10.00 -1.79861 1.33602 Star10     CONSTANT  
0073    10.00 -1.78750 1.13333 Star09     CONSTANT  
0074    10.00 -1.77639 1.13815 Star07     CONSTANT   var
0075    10.00 -1.76528 1.79788 Star06     CONSTANT  
0076    10.00 -1.75417 2.00358 Star05     CONSTANT  
0077    10.00 -1.74306 1.11298 Star04     CONSTANT  
0078    30.00 -1.73194 1.41799 Star03     CONSTANT  
0079    15.00 -1.71528 1.02235 Star02     CONSTANT  
0080    10.00 -1.55278 1.27439 Star01     CONSTANT  
0081    10.00 -1.54167 1.27541 Star10     CONSTANT  
0082    10.00 -1.53056 1.16669 Star09     CONSTANT  
0083    10.00 -1.51944 1.12581 Star07     CONSTANT   var
0084    10.00 -1.50833 1.66100 Star06     CONSTANT  
0085    10.00 -1.49722 1.83359 Star05     CONSTANT  
0086    10.00 -1.48611 1.08629 Star04     CONSTANT  
0087    30.00 -1.47500 1.45968 Star03     CONSTANT  
0088    15.00 -1.45833 1.02846 Star02     CONSTANT  
0089    10.00 -1.29583 1.24140 Star01     CONSTANT  
0090    10.00 -1.28472 1.22442 Star10     CONSTANT  
0091    10.00 -1.27361 1.20548 Star09     CONSTANT  
0092    10.00 -1.26250 1.11847 Star07     CONSTANT   var
0093    10.00 -1.25139 1.54892 Star06     CONSTANT  
0094    10.00 -1.24028 1.69374 Star05     CONSTANT  
0095    10.00 -1.22917 1.06463 Star04     CONSTANT  
0096    30.00 -1.21806 1.51182 Star03     CONSTANT  
0097    15.00 -1.20139 1.03849 Star02     CONSTANT  
0098    10.00 -1.03889 1.21541 Star01     CONSTANT  
0099    10.00 -1.02778 1.18162 Star10     CONSTANT  
0100    10.00 -1.01667 1.25041 Star09     CONSTANT  
0101    10.00 -1.00556 1.11597 Star07     CONSTANT   var
0102    10.00 -0.99444 1.45625 Star06     CONSTANT  
0103    10.00 -0.98333 1.57732 Star05     CONSTANT  
0104    10.00 -0.97222 1.04758 Star04     CONSTANT  
0105    30.00 -0.96111 1.57616 Star03     CONSTANT  
0106    15.00 -0.94444 1.05263 Star02     CONSTANT  
0107    10.00 -0.78194 1.19577 Star01     CONSTANT  
0108    10.00 -0.77083 1.14591 Star10     CONSTANT  
0109    10.00 -0.75972 1.30235 Star09     CONSTANT  
0110    10.00 -0.74861 1.11826 Star07     CONSTANT   var
0111    10.00 -0.73750 1.37910 Star06     CONSTANT  
0112    10.00 -0.72639 1.47951 Star05     CONSTANT  
0113    10.00 -0.71528 1.03479 Star04     CONSTANT  
0114    30.00 -0.70417 1.65509 Star03     CONSTANT  
0115    15.00 -0.68750 1.07113 Star02     CONSTANT  
0116    10.00 -0.52500 1.18200 Star01     CONSTANT  
0117    10.00 -0.51389 1.11641 Star10     CONSTANT  
0118    10.00 -0.50278 1.36239 Star09     CONSTANT  
0119    10.00 -0.49167 1.12539 Star07     CONSTANT   var
0120    10.00 -0.48056 1.31462 Star06     CONSTANT  
0121    10.00 -0.46944 1.39672 Star05     CONSTANT  
0122    10.00 -0.45833 1.02605 Star04     CONSTANT  
0123    30.00 -0.44722 1.75184 Star03     CONSTANT  
0124    15.00 -0.43056 1.09437 Star02     CONSTANT  
0125    10.00 -0.26806 1.17377 Star01     CONSTANT  
0126    10.00 -0.25694 1.09248 Star10     CONSTANT  
0127    10.00 -0.24583 1.43189 Star09     CONSTANT  
0128    10.00 -0.23472 2.60862 Star08     CONSTANT  
0129    10.00 -0.22361 1.13815 Star07     CONSTANT   var
0130    10.00 -0.21250 1.25855 Star06     CONSTANT  
0131    10.00 -0.20139 1.32349 Star05     CONSTANT  
0132    10.00 -0.19028 1.02106 Star04     CONSTANT  
0133    30.00 -0.17917 1.87661 Star03     CONSTANT  
0134    15.00 -0.16250 1.12416 Star02     CONSTANT  
0135    10.00 -0.00000 1.17089 Star01     CONSTANT  
0136    10.00  0.01111 1.07288 Star10     CONSTANT  
0137    10.00  0.02222 1.51635 Star09     CONSTANT  
0138    10.00  0.03333 2.29604 Star08     CONSTANT  
0139    10.00  0.04444 1.15664 Star07     CONSTANT   var
0140    10.00  0.05556 1.21211 Star06     CONSTANT  
0141    10.00  0.06667 1.26139 Star05     CONSTANT  
0142    10.00  0.07778 1.02020 Star04     CONSTANT  
0143    30.00  0.08889 2.03292 Star03     CONSTANT  
0144    15.00  0.10556 1.16029 Star02     CONSTANT  
0145    10.00  0.26806 1.17377 Star01     CONSTANT  
0146    10.00  0.27917 1.05834 Star10     CONSTANT  
0147    10.00  0.29028 1.61549 Star09     CONSTANT  
0148    10.00  0.30139 2.05893 Star08     CONSTANT  
0149    10.00  0.31250 1.18133 Star07     CONSTANT   var
0150    10.00  0.32361 1.17391 Star06     CONSTANT  
0151    10.00  0.33472 1.20864 Star05     CONSTANT  
0152    10.00  0.34583 1.02345 Star04     CONSTANT  
0153    30.00  0.35694 2.23149 Star03     CONSTANT  
0154    15.00  0.37361 1.20365 Star02     CONSTANT  
0155    10.00  0.53611 1.18248 Star01     CONSTANT  
0156    10.00  0.54722 1.04854 Star10     CONSTANT  
0157    10.00  0.55833 1.73260 Star09     CONSTANT  
0158    10.00  0.56944 1.87430 Star08     CONSTANT  
0159    10.00  0.58056 1.21284 Star07     CONSTANT   var
0160    10.00  0.59167 1.14290 Star06     CONSTANT  
0161    10.00  0.60278 1.16388 Star05     CONSTANT  
0162    10.00  0.61389 1.03087 Star04     CONSTANT  
0163    30.00  0.62500 2.48883 Star03     CONSTANT  
0164    15.00  0.64167 1.25541 Star02     CONSTANT  
0165    10.00  0.80417 1.19723 Star01     CONSTANT  
0166    10.00  0.81528 1.04328 Star10     CONSTANT  
0167    10.00  0.82639 1.87206 Star09     CONSTANT  
0168    10.00  0.83750 1.72769 Star08     CONSTANT  
0169    10.00  0.84861 1.25204 Star07     CONSTANT   var
0170    10.00  0.85972 1.11828 Star06     CONSTANT  
0171    10.00  0.87083 1.12602 Star05     CONSTANT  
0172    10.00  0.88194 1.04261 Star04     CONSTANT  
0173    30.00  0.89306 2.83155 Star03     CONSTANT  
0174    15.00  0.90972 1.31704 Star02     CONSTANT  
0175    10.00  1.07222 1.21842 Star01     CONSTANT  
0176    10.00  1.08333 1.04244 Star10     CONSTANT  
0177    10.00  1.09444 2.03983 Star09     CONSTANT  
0178    10.00  1.10556 1.60958 Star08     CONSTANT  
0179    10.00  1.11667 1.30007 Star07     CONSTANT   var
0180    10.00  1.12778 1.09945 Star06     CONSTANT  
0181    10.00  1.13889 1.09422 Star05     CONSTANT  
0182    10.00  1.15000 1.05890 Star04     CONSTANT  
0183    15.00  1.16111 1.38554 Star02     CONSTANT  
0184    10.00  1.32361 1.24462 Star01     CONSTANT  
0185    10.00  1.33472 1.04567 Star10     CONSTANT  
0186    10.00  1.34583 2.23023 Star09     CONSTANT  
0187    10.00  1.35694 1.51891 Star08     CONSTANT  
0188    10.00  1.36806 1.35447 Star07     CONSTANT   var
0189    10.00  1.37917 1.08665 Star06     CONSTANT  
0190    10.00  1.39028 1.06931 Star05     CONSTANT  
0191    10.00  1.40139 1.07862 Star04     CONSTANT  
0192    15.00  1.41250 1.46656 Star02     CONSTANT  
0193    10.00  1.57500 1.27760 Star01     CONSTANT  
0194    10.00  1.58611 1.05284 Star10     CONSTANT  
0195    10.00  1.59722 2.46242 Star09     CONSTANT  
0196    10.00  1.60833 1.44376 Star08     CONSTANT  
0197    10.00  1.61944 1.41960 Star07     CONSTANT   var
0198    10.00  1.63056 1.07829 Star06     CONSTANT  
0199    10.00  1.64167 1.04869 Star05     CONSTANT  
0200    10.00  1.65278 1.10300 Star04     CONSTANT  
0201    15.00  1.66389 1.56290 Star02     CONSTANT  
0202    10.00  1.82639 1.31821 Star01     CONSTANT  
0203    10.00  1.83750 1.06407 Star10     CONSTANT  
0204    10.00  1.84861 2.75027 Star09     CONSTANT  
0205    10.00  1.85972 1.38136 Star08     CONSTANT  
0206    10.00  1.87083 1.49763 Star07     CONSTANT   var
0207    10.00  1.88194 1.07422 Star06     CONSTANT  
0208    10.00  1.89306 1.03204 Star05     CONSTANT  
0209    10.00  1.90417 1.13252 Star04     CONSTANT  
0210    15.00  1.91528 1.67830 Star02     CONSTANT  
0211    10.00  2.07778 1.36757 Star01     CONSTANT  
0212    10.00  2.08889 1.07958 Star10     CONSTANT  
0213    10.00  2.10000 1.33170 Star08     CONSTANT  
0214    10.00  2.11111 1.58694 Star07     CONSTANT   var
0215    10.00  2.12222 1.07425 Star06     CONSTANT  
0216    10.00  2.13333 1.01957 Star05     CONSTANT  
0217    10.00  2.14444 1.16611 Star04     CONSTANT  
0218    15.00  2.15556 1.81117 Star02     CONSTANT  
0219    10.00  2.31806 1.42428 Star01     CONSTANT  
0220    10.00  2.32917 1.09868 Star10     CONSTANT  
0221    10.00  2.34028 1.29038 Star08     CONSTANT  
0222    10.00  2.35139 1.69411 Star07     CONSTANT   var
0223    10.00  2.36250 1.07812 Star06     CONSTANT  
0224    10.00  2.37361 1.01029 Star05     CONSTANT  
0225    10.00  2.38472 1.20562 Star04     CONSTANT  
0226    15.00  2.39583 1.97246 Star02     CONSTANT  
0227    10.00  2.55833 1.49200 Star01     CONSTANT  
0228    10.00  2.56944 1.12230 Star10     CONSTANT  
0229    10.00  2.58056 1.25635 Star08     CONSTANT  
0230    10.00  2.59167 1.82382 Star07     CONSTANT   var
0231    10.00  2.60278 1.08590 Star06     CONSTANT  
0232    10.00  2.61389 1.00407 Star05     CONSTANT  
0233    10.00  2.62500 1.25192 Star04     CONSTANT  
0234    15.00  2.63611 2.17113 Star02     CONSTANT  
0235    10.00  2.79861 1.57297 Star01     CONSTANT  
0236    10.00  2.80972 1.15089 Star10     CONSTANT  
0237    10.00  2.82083 1.22878 Star08     CONSTANT  
0238    10.00  2.83194 1.98265 Star07     CONSTANT   var
0239    10.00  2.84306 1.09773 Star06     CONSTANT  
0240    10.00  2.85417 1.00083 Star05     CONSTANT  
0241    10.00  2.86528 1.30606 Star04     CONSTANT  
0242    15.00  2.87639 2.42040 Star02     CONSTANT  
0243    10.00  3.03889 1.67013 Star01     CONSTANT  
0244    10.00  3.05000 1.18503 Star10     CONSTANT  
0245    10.00  3.06111 1.20705 Star08     CONSTANT  
0246    10.00  3.07222 2.18011 Star07     CONSTANT   var
0247    10.00  3.08333 1.11382 Star06     CONSTANT  
0248    10.00  3.09444 1.00052 Star05     CONSTANT  
0249    10.00  3.10556 1.36941 Star04     CONSTANT  
0250    15.00  3.11667 2.74052 Star02     CONSTANT  
0251    10.00  3.27917 1.78752 Star01     CONSTANT  
0252    10.00  3.29028 1.22544 Star10     CONSTANT  
0253    10.00  3.30139 1.19068 Star08     CONSTANT  
0254    10.00  3.31250 2.43041 Star07     CONSTANT   var
0255    10.00  3.32361 1.13446 Star06     CONSTANT  
0256    10.00  3.33472 1.00313 Star05     CONSTANT  
0257    10.00  3.34583 1.44372 Star04     CONSTANT  
0258    10.00  3.50694 1.92253 Star01     CONSTANT  
0259    10.00  3.51806 1.27035 Star10     CONSTANT  
0260    10.00  3.52917 1.17981 Star08     CONSTANT  
0261    10.00  3.54028 2.73650 Star07     CONSTANT   var
0262    10.00  3.55139 1.15861 Star06     CONSTANT  
0263    10.00  3.56250 1.00834 Star05     CONSTANT  
0264    10.00  3.57361 1.52633 Star04     CONSTANT  
0265    10.00  3.73472 2.08742 Star01     CONSTANT  
0266    10.00  3.74583 1.32271 Star10     CONSTANT  
0267    10.00  3.75694 1.17325 Star08     CONSTANT  
0268    10.00  3.76806 1.18612 Star06     CONSTANT  
0269    10.00  3.77917 1.01583 Star05     CONSTANT  
0270    10.00  3.79028 1.61825 Star04     CONSTANT  
0271    10.00  3.95139 2.28077 Star01     CONSTANT  
0272    10.00  3.96250 1.38054 Star10     CONSTANT  
0273    10.00  3.97361 1.17092 Star08     CONSTANT  
0274    10.00  3.98472 1.21853 Star06     CONSTANT  
0275    10.00  3.99583 1.02587 Star05     CONSTANT  
